Using pre-set license
Built from '2020.2/release' branch; Version is '2020.2.2f1 (068178b99f32) revision 426360'; Using compiler version '192528614'; Build Type 'Release'
OS: 'Windows 10 Home; OS build 19042.985; Version 2009; 64bit' Language: 'en' Physical Memory: 12154 MB
BatchMode: 1, IsHumanControllingUs: 0, StartBugReporterOnCrash: 0, Is64bit: 1, IsPro: 0

 COMMAND LINE ARGUMENTS:
C:\Program Files\Unity\Hub\Editor\2020.2.2f1\Editor\Unity.exe
-adb2
-batchMode
-noUpm
-name
AssetImportWorker0
-projectPath
C:/Users/Butterfly/Documents/My First Indie Game/Merge Color Sort Ball
-logFile
Logs/AssetImportWorker0.log
-srvPort
51697
Successfully changed project path to: C:/Users/Butterfly/Documents/My First Indie Game/Merge Color Sort Ball
C:/Users/Butterfly/Documents/My First Indie Game/Merge Color Sort Ball
Using Asset Import Pipeline V2.
Refreshing native plugins compatible for Editor in 106.80 ms, found 1 plugins.
Preloading 0 native plugins for Editor in 0.00 ms.
Initialize engine version: 2020.2.2f1 (068178b99f32)
[Subsystems] Discovering subsystems at path C:/Program Files/Unity/Hub/Editor/2020.2.2f1/Editor/Data/Resources/UnitySubsystems
[Subsystems] Discovering subsystems at path C:/Users/Butterfly/Documents/My First Indie Game/Merge Color Sort Ball/Assets
GfxDevice: creating device client; threaded=0
Direct3D:
    Version:  Direct3D 11.0 [level 11.1]
    Renderer: Intel(R) HD Graphics 620 (ID=0x5916)
    Vendor:   
    VRAM:     6077 MB
    Driver:   23.20.16.4973
Shader 'Universal Render Pipeline/Particles/Lit': fallback shader 'Universal Render Pipeline/Particles/SimpleLit' not found
Initialize mono
Mono path[0] = 'C:/Program Files/Unity/Hub/Editor/2020.2.2f1/Editor/Data/Managed'
Mono path[1] = 'C:/Program Files/Unity/Hub/Editor/2020.2.2f1/Editor/Data/MonoBleedingEdge/lib/mono/unityjit'
Mono config path = 'C:/Program Files/Unity/Hub/Editor/2020.2.2f1/Editor/Data/MonoBleedingEdge/etc'
Using monoOptions --debugger-agent=transport=dt_socket,embedding=1,server=y,suspend=n,address=127.0.0.1:56132
Begin MonoManager ReloadAssembly
Registering precompiled unity dll's ...
Register platform support module: C:/Program Files/Unity/Hub/Editor/2020.2.2f1/Editor/Data/PlaybackEngines/WebGLSupport/UnityEditor.WebGL.Extensions.dll
Register platform support module: C:/Program Files/Unity/Hub/Editor/2020.2.2f1/Editor/Data/PlaybackEngines/WindowsStandaloneSupport/UnityEditor.WindowsStandalone.Extensions.dll
Registered in 0.004381 seconds.
Native extension for WindowsStandalone target not found
Native extension for WebGL target not found
Refreshing native plugins compatible for Editor in 105.59 ms, found 1 plugins.
Preloading 0 native plugins for Editor in 0.00 ms.
Invoked RoslynAnalysisRunner static constructor.
RoslynAnalysisRunner will not be running.
RoslynAnalysisRunner has terminated.
Mono: successfully reloaded assembly
- Completed reload, in  4.541 seconds
Platform modules already initialized, skipping
Registering precompiled user dll's ...
Registered in 0.003572 seconds.
Begin MonoManager ReloadAssembly
Error: Could not load signature of Unity.Android.Logcat.AndroidLogcat:.ctor due to: Could not load file or assembly 'UnityEditor.Android.Extensions, Version=1.0.0.0, Culture=neutral, PublicKeyToken=null' or one of its dependencies. assembly:UnityEditor.Android.Extensions, Version=1.0.0.0, Culture=neutral, PublicKeyToken=null type:<unknown type> member:(null) signature:<none>
0x00007ff7131af02c (Unity) StackWalker::GetCurrentCallstack
0x00007ff7131b7409 (Unity) StackWalker::ShowCallstack
0x00007ff71467fafc (Unity) GetStacktrace
0x00007ff71575af63 (Unity) DebugStringToFile
0x00007ff712fd59eb (Unity) ScanForAttributesAndInterfaceImplementations
0x00007ff712fe8dba (Unity) MonoManager::EndReloadAssembly
0x00007ff712feffe9 (Unity) MonoManager::ReloadAssembly
0x00007ff71438a2a1 (Unity) LoadDomainAndUserAssemblies
0x00007ff71438a74e (Unity) LoadUserAssemblies
0x00007ff713d17ee1 (Unity) Application::InitializeProject
0x00007ff71468d0b2 (Unity) WinMain
0x00007ff7164f0c66 (Unity) __scrt_common_main_seh
0x00007fff5e4a7034 (KERNEL32) BaseThreadInitThunk
0x00007fff5f502651 (ntdll) RtlUserThreadStart

Unloading broken assembly Library/ScriptAssemblies/Unity.Mobile.AndroidLogcat.Editor.dll, this assembly can cause crashes in the runtime
0x00007ff7131af02c (Unity) StackWalker::GetCurrentCallstack
0x00007ff7131b7409 (Unity) StackWalker::ShowCallstack
0x00007ff71467fafc (Unity) GetStacktrace
0x00007ff71575af63 (Unity) DebugStringToFile
0x00007ff712ff1b39 (Unity) MonoManager::SetupLoadedEditorAssemblies
0x00007ff712fe910c (Unity) MonoManager::EndReloadAssembly
0x00007ff712feffe9 (Unity) MonoManager::ReloadAssembly
0x00007ff71438a2a1 (Unity) LoadDomainAndUserAssemblies
0x00007ff71438a74e (Unity) LoadUserAssemblies
0x00007ff713d17ee1 (Unity) Application::InitializeProject
0x00007ff71468d0b2 (Unity) WinMain
0x00007ff7164f0c66 (Unity) __scrt_common_main_seh
0x00007fff5e4a7034 (KERNEL32) BaseThreadInitThunk
0x00007fff5f502651 (ntdll) RtlUserThreadStart

Native extension for WindowsStandalone target not found
Native extension for WebGL target not found
Refreshing native plugins compatible for Editor in 119.18 ms, found 1 plugins.
Preloading 0 native plugins for Editor in 0.00 ms.
Invoked RoslynAnalysisRunner static constructor.
RoslynAnalysisRunner will not be running.
RoslynAnalysisRunner has terminated.
Mono: successfully reloaded assembly
- Completed reload, in  4.407 seconds
Platform modules already initialized, skipping
========================================================================
Worker process is ready to serve import requests
Shader 'Universal Render Pipeline/Particles/Lit': fallback shader 'Universal Render Pipeline/Particles/SimpleLit' not found
Launched and connected shader compiler UnityShaderCompiler.exe after 0.08 seconds
Refreshing native plugins compatible for Editor in 1.16 ms, found 1 plugins.
Preloading 0 native plugins for Editor in 0.00 ms.
Unloading 3175 Unused Serialized files (Serialized files now loaded: 0)
System memory in use before: 135.5 MB.
System memory in use after: 135.7 MB.

Unloading 50 unused Assets to reduce memory usage. Loaded Objects now: 3600.
Total: 3.297300 ms (FindLiveObjects: 0.508600 ms CreateObjectMapping: 0.318000 ms MarkObjects: 2.408400 ms  DeleteObjects: 0.060300 ms)

========================================================================
Received Import Request.
  path: ProjectSettings/TagManager.asset
  artifactKey: Guid(00000000000000003000000000000000) Importer(815301076,1909f56bfc062723c751e8b465ee728b)
Start importing ProjectSettings/TagManager.asset using Guid(00000000000000003000000000000000) Importer(815301076,1909f56bfc062723c751e8b465ee728b)  -> (artifact id: 'c6581ab5aaf4a2350a44d592c7a9521d') in 0.064172 seconds
  Import took 0.073631 seconds .

========================================================================
Received Prepare
Shader 'Universal Render Pipeline/Particles/Lit': fallback shader 'Universal Render Pipeline/Particles/SimpleLit' not found
Refreshing native plugins compatible for Editor in 14.91 ms, found 1 plugins.
Preloading 0 native plugins for Editor in 0.00 ms.
Unloading 37 Unused Serialized files (Serialized files now loaded: 0)
System memory in use before: 69.8 MB.
System memory in use after: 70.0 MB.

Unloading 38 unused Assets to reduce memory usage. Loaded Objects now: 3600.
Total: 6.136600 ms (FindLiveObjects: 0.705800 ms CreateObjectMapping: 0.651100 ms MarkObjects: 4.723300 ms  DeleteObjects: 0.053600 ms)

========================================================================
Received Prepare
Registering precompiled user dll's ...
Registered in 0.005529 seconds.
Begin MonoManager ReloadAssembly
Error: Could not load signature of Unity.Android.Logcat.AndroidLogcat:.ctor due to: Could not load file or assembly 'UnityEditor.Android.Extensions, Version=1.0.0.0, Culture=neutral, PublicKeyToken=null' or one of its dependencies. assembly:UnityEditor.Android.Extensions, Version=1.0.0.0, Culture=neutral, PublicKeyToken=null type:<unknown type> member:(null) signature:<none>
0x00007ff7131af02c (Unity) StackWalker::GetCurrentCallstack
0x00007ff7131b7409 (Unity) StackWalker::ShowCallstack
0x00007ff71467fafc (Unity) GetStacktrace
0x00007ff71575af63 (Unity) DebugStringToFile
0x00007ff712fd59eb (Unity) ScanForAttributesAndInterfaceImplementations
0x00007ff712fe8dba (Unity) MonoManager::EndReloadAssembly
0x00007ff712feffe9 (Unity) MonoManager::ReloadAssembly
0x00007ff71438a2a1 (Unity) LoadDomainAndUserAssemblies
0x00007ff71438a74e (Unity) LoadUserAssemblies
0x00007ff7147b39e9 (Unity) <lambda_fe9441f73272b7bdb4fc543a788e7929>::operator()
0x00007ff71487dd82 (Unity) asio::detail::completion_handler<core::mutable_function<void __cdecl(void)> >::do_complete
0x00007ff71487fee0 (Unity) asio::detail::win_iocp_io_service::do_one
0x00007ff71488366e (Unity) asio::io_service::run
0x00007ff7147f9ba0 (Unity) RunAssetImportWorkerClientV2
0x00007ff7147f9bf0 (Unity) RunAssetImporterV2
0x00007ff713d17ee6 (Unity) Application::InitializeProject
0x00007ff71468d0b2 (Unity) WinMain
0x00007ff7164f0c66 (Unity) __scrt_common_main_seh
0x00007fff5e4a7034 (KERNEL32) BaseThreadInitThunk
0x00007fff5f502651 (ntdll) RtlUserThreadStart

Unloading broken assembly Library/ScriptAssemblies/Unity.Mobile.AndroidLogcat.Editor.dll, this assembly can cause crashes in the runtime
0x00007ff7131af02c (Unity) StackWalker::GetCurrentCallstack
0x00007ff7131b7409 (Unity) StackWalker::ShowCallstack
0x00007ff71467fafc (Unity) GetStacktrace
0x00007ff71575af63 (Unity) DebugStringToFile
0x00007ff712ff1b39 (Unity) MonoManager::SetupLoadedEditorAssemblies
0x00007ff712fe910c (Unity) MonoManager::EndReloadAssembly
0x00007ff712feffe9 (Unity) MonoManager::ReloadAssembly
0x00007ff71438a2a1 (Unity) LoadDomainAndUserAssemblies
0x00007ff71438a74e (Unity) LoadUserAssemblies
0x00007ff7147b39e9 (Unity) <lambda_fe9441f73272b7bdb4fc543a788e7929>::operator()
0x00007ff71487dd82 (Unity) asio::detail::completion_handler<core::mutable_function<void __cdecl(void)> >::do_complete
0x00007ff71487fee0 (Unity) asio::detail::win_iocp_io_service::do_one
0x00007ff71488366e (Unity) asio::io_service::run
0x00007ff7147f9ba0 (Unity) RunAssetImportWorkerClientV2
0x00007ff7147f9bf0 (Unity) RunAssetImporterV2
0x00007ff713d17ee6 (Unity) Application::InitializeProject
0x00007ff71468d0b2 (Unity) WinMain
0x00007ff7164f0c66 (Unity) __scrt_common_main_seh
0x00007fff5e4a7034 (KERNEL32) BaseThreadInitThunk
0x00007fff5f502651 (ntdll) RtlUserThreadStart

Native extension for WindowsStandalone target not found
Native extension for WebGL target not found
Refreshing native plugins compatible for Editor in 1.12 ms, found 1 plugins.
Preloading 0 native plugins for Editor in 0.00 ms.
Invoked RoslynAnalysisRunner static constructor.
RoslynAnalysisRunner will not be running.
RoslynAnalysisRunner has terminated.
Mono: successfully reloaded assembly
- Completed reload, in  1.521 seconds
Platform modules already initialized, skipping
Switching build target platform(5) subTarget(0) extendedPlatform(0) -> platform(13) subTarget(589824) extendedPlatform(0)
Shader 'Universal Render Pipeline/Particles/Lit': fallback shader 'Universal Render Pipeline/Particles/SimpleLit' not found
Refreshing native plugins compatible for Editor in 1.15 ms, found 1 plugins.
Preloading 0 native plugins for Editor in 0.00 ms.
Unloading 3064 Unused Serialized files (Serialized files now loaded: 0)
System memory in use before: 128.4 MB.
System memory in use after: 128.6 MB.

Unloading 39 unused Assets to reduce memory usage. Loaded Objects now: 3603.
Total: 4.113300 ms (FindLiveObjects: 0.442600 ms CreateObjectMapping: 0.263900 ms MarkObjects: 3.365800 ms  DeleteObjects: 0.038800 ms)

AssetImportParameters requested are different than current active one (requested -> active):
  custom:graphics/normal-map-encoding: 01000000000000000000000000000000 -> 02000000000000000000000000000000
========================================================================
Received Prepare
Registering precompiled user dll's ...
Registered in 0.003272 seconds.
Begin MonoManager ReloadAssembly
Error: Could not load signature of Unity.Android.Logcat.AndroidLogcat:.ctor due to: Could not load file or assembly 'UnityEditor.Android.Extensions, Version=1.0.0.0, Culture=neutral, PublicKeyToken=null' or one of its dependencies. assembly:UnityEditor.Android.Extensions, Version=1.0.0.0, Culture=neutral, PublicKeyToken=null type:<unknown type> member:(null) signature:<none>
0x00007ff7131af02c (Unity) StackWalker::GetCurrentCallstack
0x00007ff7131b7409 (Unity) StackWalker::ShowCallstack
0x00007ff71467fafc (Unity) GetStacktrace
0x00007ff71575af63 (Unity) DebugStringToFile
0x00007ff712fd59eb (Unity) ScanForAttributesAndInterfaceImplementations
0x00007ff712fe8dba (Unity) MonoManager::EndReloadAssembly
0x00007ff712feffe9 (Unity) MonoManager::ReloadAssembly
0x00007ff71438a2a1 (Unity) LoadDomainAndUserAssemblies
0x00007ff71438a74e (Unity) LoadUserAssemblies
0x00007ff7147b39e9 (Unity) <lambda_fe9441f73272b7bdb4fc543a788e7929>::operator()
0x00007ff71487dd82 (Unity) asio::detail::completion_handler<core::mutable_function<void __cdecl(void)> >::do_complete
0x00007ff71487fee0 (Unity) asio::detail::win_iocp_io_service::do_one
0x00007ff71488366e (Unity) asio::io_service::run
0x00007ff7147f9ba0 (Unity) RunAssetImportWorkerClientV2
0x00007ff7147f9bf0 (Unity) RunAssetImporterV2
0x00007ff713d17ee6 (Unity) Application::InitializeProject
0x00007ff71468d0b2 (Unity) WinMain
0x00007ff7164f0c66 (Unity) __scrt_common_main_seh
0x00007fff5e4a7034 (KERNEL32) BaseThreadInitThunk
0x00007fff5f502651 (ntdll) RtlUserThreadStart

Unloading broken assembly Library/ScriptAssemblies/Unity.Mobile.AndroidLogcat.Editor.dll, this assembly can cause crashes in the runtime
0x00007ff7131af02c (Unity) StackWalker::GetCurrentCallstack
0x00007ff7131b7409 (Unity) StackWalker::ShowCallstack
0x00007ff71467fafc (Unity) GetStacktrace
0x00007ff71575af63 (Unity) DebugStringToFile
0x00007ff712ff1b39 (Unity) MonoManager::SetupLoadedEditorAssemblies
0x00007ff712fe910c (Unity) MonoManager::EndReloadAssembly
0x00007ff712feffe9 (Unity) MonoManager::ReloadAssembly
0x00007ff71438a2a1 (Unity) LoadDomainAndUserAssemblies
0x00007ff71438a74e (Unity) LoadUserAssemblies
0x00007ff7147b39e9 (Unity) <lambda_fe9441f73272b7bdb4fc543a788e7929>::operator()
0x00007ff71487dd82 (Unity) asio::detail::completion_handler<core::mutable_function<void __cdecl(void)> >::do_complete
0x00007ff71487fee0 (Unity) asio::detail::win_iocp_io_service::do_one
0x00007ff71488366e (Unity) asio::io_service::run
0x00007ff7147f9ba0 (Unity) RunAssetImportWorkerClientV2
0x00007ff7147f9bf0 (Unity) RunAssetImporterV2
0x00007ff713d17ee6 (Unity) Application::InitializeProject
0x00007ff71468d0b2 (Unity) WinMain
0x00007ff7164f0c66 (Unity) __scrt_common_main_seh
0x00007fff5e4a7034 (KERNEL32) BaseThreadInitThunk
0x00007fff5f502651 (ntdll) RtlUserThreadStart

Native extension for WindowsStandalone target not found
Native extension for WebGL target not found
Refreshing native plugins compatible for Editor in 2.08 ms, found 1 plugins.
Preloading 0 native plugins for Editor in 0.00 ms.
Invoked RoslynAnalysisRunner static constructor.
RoslynAnalysisRunner will not be running.
RoslynAnalysisRunner has terminated.
Mono: successfully reloaded assembly
- Completed reload, in  1.782 seconds
Platform modules already initialized, skipping
Switching build target platform(5) subTarget(0) extendedPlatform(0) -> platform(13) subTarget(589824) extendedPlatform(0)
Shader 'Universal Render Pipeline/Particles/Lit': fallback shader 'Universal Render Pipeline/Particles/SimpleLit' not found
Refreshing native plugins compatible for Editor in 1.25 ms, found 1 plugins.
Preloading 0 native plugins for Editor in 0.00 ms.
Unloading 3064 Unused Serialized files (Serialized files now loaded: 0)
System memory in use before: 128.5 MB.
System memory in use after: 128.7 MB.

Unloading 39 unused Assets to reduce memory usage. Loaded Objects now: 3606.
Total: 3.421700 ms (FindLiveObjects: 0.503400 ms CreateObjectMapping: 0.266300 ms MarkObjects: 2.618300 ms  DeleteObjects: 0.031400 ms)

AssetImportParameters requested are different than current active one (requested -> active):
  custom:graphics/normal-map-encoding: 01000000000000000000000000000000 -> 02000000000000000000000000000000
========================================================================
Received Prepare
Registering precompiled user dll's ...
Registered in 0.003215 seconds.
Begin MonoManager ReloadAssembly
Error: Could not load signature of Unity.Android.Logcat.AndroidLogcat:.ctor due to: Could not load file or assembly 'UnityEditor.Android.Extensions, Version=1.0.0.0, Culture=neutral, PublicKeyToken=null' or one of its dependencies. assembly:UnityEditor.Android.Extensions, Version=1.0.0.0, Culture=neutral, PublicKeyToken=null type:<unknown type> member:(null) signature:<none>
0x00007ff7131af02c (Unity) StackWalker::GetCurrentCallstack
0x00007ff7131b7409 (Unity) StackWalker::ShowCallstack
0x00007ff71467fafc (Unity) GetStacktrace
0x00007ff71575af63 (Unity) DebugStringToFile
0x00007ff712fd59eb (Unity) ScanForAttributesAndInterfaceImplementations
0x00007ff712fe8dba (Unity) MonoManager::EndReloadAssembly
0x00007ff712feffe9 (Unity) MonoManager::ReloadAssembly
0x00007ff71438a2a1 (Unity) LoadDomainAndUserAssemblies
0x00007ff71438a74e (Unity) LoadUserAssemblies
0x00007ff7147b39e9 (Unity) <lambda_fe9441f73272b7bdb4fc543a788e7929>::operator()
0x00007ff71487dd82 (Unity) asio::detail::completion_handler<core::mutable_function<void __cdecl(void)> >::do_complete
0x00007ff71487fee0 (Unity) asio::detail::win_iocp_io_service::do_one
0x00007ff71488366e (Unity) asio::io_service::run
0x00007ff7147f9ba0 (Unity) RunAssetImportWorkerClientV2
0x00007ff7147f9bf0 (Unity) RunAssetImporterV2
0x00007ff713d17ee6 (Unity) Application::InitializeProject
0x00007ff71468d0b2 (Unity) WinMain
0x00007ff7164f0c66 (Unity) __scrt_common_main_seh
0x00007fff5e4a7034 (KERNEL32) BaseThreadInitThunk
0x00007fff5f502651 (ntdll) RtlUserThreadStart

Unloading broken assembly Library/ScriptAssemblies/Unity.Mobile.AndroidLogcat.Editor.dll, this assembly can cause crashes in the runtime
0x00007ff7131af02c (Unity) StackWalker::GetCurrentCallstack
0x00007ff7131b7409 (Unity) StackWalker::ShowCallstack
0x00007ff71467fafc (Unity) GetStacktrace
0x00007ff71575af63 (Unity) DebugStringToFile
0x00007ff712ff1b39 (Unity) MonoManager::SetupLoadedEditorAssemblies
0x00007ff712fe910c (Unity) MonoManager::EndReloadAssembly
0x00007ff712feffe9 (Unity) MonoManager::ReloadAssembly
0x00007ff71438a2a1 (Unity) LoadDomainAndUserAssemblies
0x00007ff71438a74e (Unity) LoadUserAssemblies
0x00007ff7147b39e9 (Unity) <lambda_fe9441f73272b7bdb4fc543a788e7929>::operator()
0x00007ff71487dd82 (Unity) asio::detail::completion_handler<core::mutable_function<void __cdecl(void)> >::do_complete
0x00007ff71487fee0 (Unity) asio::detail::win_iocp_io_service::do_one
0x00007ff71488366e (Unity) asio::io_service::run
0x00007ff7147f9ba0 (Unity) RunAssetImportWorkerClientV2
0x00007ff7147f9bf0 (Unity) RunAssetImporterV2
0x00007ff713d17ee6 (Unity) Application::InitializeProject
0x00007ff71468d0b2 (Unity) WinMain
0x00007ff7164f0c66 (Unity) __scrt_common_main_seh
0x00007fff5e4a7034 (KERNEL32) BaseThreadInitThunk
0x00007fff5f502651 (ntdll) RtlUserThreadStart

Native extension for WindowsStandalone target not found
Native extension for WebGL target not found
Refreshing native plugins compatible for Editor in 1.75 ms, found 1 plugins.
Preloading 0 native plugins for Editor in 0.00 ms.
Invoked RoslynAnalysisRunner static constructor.
RoslynAnalysisRunner will not be running.
RoslynAnalysisRunner has terminated.
Mono: successfully reloaded assembly
- Completed reload, in  1.566 seconds
Platform modules already initialized, skipping
Switching build target platform(5) subTarget(0) extendedPlatform(0) -> platform(13) subTarget(589824) extendedPlatform(0)
Shader 'Universal Render Pipeline/Particles/Lit': fallback shader 'Universal Render Pipeline/Particles/SimpleLit' not found
Refreshing native plugins compatible for Editor in 0.86 ms, found 1 plugins.
Preloading 0 native plugins for Editor in 0.00 ms.
Unloading 3064 Unused Serialized files (Serialized files now loaded: 0)
System memory in use before: 128.6 MB.
System memory in use after: 128.8 MB.

Unloading 39 unused Assets to reduce memory usage. Loaded Objects now: 3609.
Total: 3.545200 ms (FindLiveObjects: 0.554700 ms CreateObjectMapping: 0.292200 ms MarkObjects: 2.649500 ms  DeleteObjects: 0.046500 ms)

AssetImportParameters requested are different than current active one (requested -> active):
  custom:graphics/normal-map-encoding: 01000000000000000000000000000000 -> 02000000000000000000000000000000
========================================================================
Received Prepare
Registering precompiled user dll's ...
Registered in 0.003225 seconds.
Begin MonoManager ReloadAssembly
Error: Could not load signature of Unity.Android.Logcat.AndroidLogcat:.ctor due to: Could not load file or assembly 'UnityEditor.Android.Extensions, Version=1.0.0.0, Culture=neutral, PublicKeyToken=null' or one of its dependencies. assembly:UnityEditor.Android.Extensions, Version=1.0.0.0, Culture=neutral, PublicKeyToken=null type:<unknown type> member:(null) signature:<none>
0x00007ff7131af02c (Unity) StackWalker::GetCurrentCallstack
0x00007ff7131b7409 (Unity) StackWalker::ShowCallstack
0x00007ff71467fafc (Unity) GetStacktrace
0x00007ff71575af63 (Unity) DebugStringToFile
0x00007ff712fd59eb (Unity) ScanForAttributesAndInterfaceImplementations
0x00007ff712fe8dba (Unity) MonoManager::EndReloadAssembly
0x00007ff712feffe9 (Unity) MonoManager::ReloadAssembly
0x00007ff71438a2a1 (Unity) LoadDomainAndUserAssemblies
0x00007ff71438a74e (Unity) LoadUserAssemblies
0x00007ff7147b39e9 (Unity) <lambda_fe9441f73272b7bdb4fc543a788e7929>::operator()
0x00007ff71487dd82 (Unity) asio::detail::completion_handler<core::mutable_function<void __cdecl(void)> >::do_complete
0x00007ff71487fee0 (Unity) asio::detail::win_iocp_io_service::do_one
0x00007ff71488366e (Unity) asio::io_service::run
0x00007ff7147f9ba0 (Unity) RunAssetImportWorkerClientV2
0x00007ff7147f9bf0 (Unity) RunAssetImporterV2
0x00007ff713d17ee6 (Unity) Application::InitializeProject
0x00007ff71468d0b2 (Unity) WinMain
0x00007ff7164f0c66 (Unity) __scrt_common_main_seh
0x00007fff5e4a7034 (KERNEL32) BaseThreadInitThunk
0x00007fff5f502651 (ntdll) RtlUserThreadStart

Unloading broken assembly Library/ScriptAssemblies/Unity.Mobile.AndroidLogcat.Editor.dll, this assembly can cause crashes in the runtime
0x00007ff7131af02c (Unity) StackWalker::GetCurrentCallstack
0x00007ff7131b7409 (Unity) StackWalker::ShowCallstack
0x00007ff71467fafc (Unity) GetStacktrace
0x00007ff71575af63 (Unity) DebugStringToFile
0x00007ff712ff1b39 (Unity) MonoManager::SetupLoadedEditorAssemblies
0x00007ff712fe910c (Unity) MonoManager::EndReloadAssembly
0x00007ff712feffe9 (Unity) MonoManager::ReloadAssembly
0x00007ff71438a2a1 (Unity) LoadDomainAndUserAssemblies
0x00007ff71438a74e (Unity) LoadUserAssemblies
0x00007ff7147b39e9 (Unity) <lambda_fe9441f73272b7bdb4fc543a788e7929>::operator()
0x00007ff71487dd82 (Unity) asio::detail::completion_handler<core::mutable_function<void __cdecl(void)> >::do_complete
0x00007ff71487fee0 (Unity) asio::detail::win_iocp_io_service::do_one
0x00007ff71488366e (Unity) asio::io_service::run
0x00007ff7147f9ba0 (Unity) RunAssetImportWorkerClientV2
0x00007ff7147f9bf0 (Unity) RunAssetImporterV2
0x00007ff713d17ee6 (Unity) Application::InitializeProject
0x00007ff71468d0b2 (Unity) WinMain
0x00007ff7164f0c66 (Unity) __scrt_common_main_seh
0x00007fff5e4a7034 (KERNEL32) BaseThreadInitThunk
0x00007fff5f502651 (ntdll) RtlUserThreadStart

Native extension for WindowsStandalone target not found
Native extension for WebGL target not found
Refreshing native plugins compatible for Editor in 0.89 ms, found 1 plugins.
Preloading 0 native plugins for Editor in 0.00 ms.
Invoked RoslynAnalysisRunner static constructor.
RoslynAnalysisRunner will not be running.
RoslynAnalysisRunner has terminated.
Mono: successfully reloaded assembly
- Completed reload, in  1.579 seconds
Platform modules already initialized, skipping
Switching build target platform(5) subTarget(0) extendedPlatform(0) -> platform(13) subTarget(589824) extendedPlatform(0)
Shader 'Universal Render Pipeline/Particles/Lit': fallback shader 'Universal Render Pipeline/Particles/SimpleLit' not found
Refreshing native plugins compatible for Editor in 2.43 ms, found 1 plugins.
Preloading 0 native plugins for Editor in 0.00 ms.
Unloading 3064 Unused Serialized files (Serialized files now loaded: 0)
System memory in use before: 128.6 MB.
System memory in use after: 128.9 MB.

Unloading 39 unused Assets to reduce memory usage. Loaded Objects now: 3612.
Total: 11.308500 ms (FindLiveObjects: 1.974400 ms CreateObjectMapping: 0.975400 ms MarkObjects: 8.314600 ms  DeleteObjects: 0.041300 ms)

AssetImportParameters requested are different than current active one (requested -> active):
  custom:graphics/normal-map-encoding: 01000000000000000000000000000000 -> 02000000000000000000000000000000
========================================================================
Received Prepare
Shader 'Universal Render Pipeline/Particles/Lit': fallback shader 'Universal Render Pipeline/Particles/SimpleLit' not found
Refreshing native plugins compatible for Editor in 13.12 ms, found 1 plugins.
Preloading 0 native plugins for Editor in 0.00 ms.
Unloading 37 Unused Serialized files (Serialized files now loaded: 0)
System memory in use before: 71.1 MB.
System memory in use after: 71.4 MB.

Unloading 37 unused Assets to reduce memory usage. Loaded Objects now: 3612.
Total: 4.209200 ms (FindLiveObjects: 0.636300 ms CreateObjectMapping: 0.261800 ms MarkObjects: 3.271200 ms  DeleteObjects: 0.037300 ms)

========================================================================
Received Prepare
Shader 'Universal Render Pipeline/Particles/Lit': fallback shader 'Universal Render Pipeline/Particles/SimpleLit' not found
Refreshing native plugins compatible for Editor in 11.95 ms, found 1 plugins.
Preloading 0 native plugins for Editor in 0.00 ms.
Unloading 37 Unused Serialized files (Serialized files now loaded: 0)
System memory in use before: 71.7 MB.
System memory in use after: 72.0 MB.

Unloading 37 unused Assets to reduce memory usage. Loaded Objects now: 3612.
Total: 4.793100 ms (FindLiveObjects: 0.584000 ms CreateObjectMapping: 0.346200 ms MarkObjects: 3.807300 ms  DeleteObjects: 0.052900 ms)

========================================================================
Received Import Request.
  Time since last request: 6063.689838 seconds.
  path: Assets/Sprites/background.png
  artifactKey: Guid(d0cbc5681070e0e4b839f70c0d190730) Importer(815301076,1909f56bfc062723c751e8b465ee728b)
Start importing Assets/Sprites/background.png using Guid(d0cbc5681070e0e4b839f70c0d190730) Importer(815301076,1909f56bfc062723c751e8b465ee728b)  -> (artifact id: '3078d9ef13ece5cc8b336e8464f0f959') in 0.164866 seconds
  Import took 0.175893 seconds .

========================================================================
Received Import Request.
  Time since last request: 0.000314 seconds.
  path: Assets/Sprites/backgroundmy.png
  artifactKey: Guid(b26bf88310b37454287f561de8f7d049) Importer(815301076,1909f56bfc062723c751e8b465ee728b)
Start importing Assets/Sprites/backgroundmy.png using Guid(b26bf88310b37454287f561de8f7d049) Importer(815301076,1909f56bfc062723c751e8b465ee728b)  -> (artifact id: 'b9718b8152d2b8aa5ad26f7ecd10fd61') in 0.085339 seconds
  Import took 0.093272 seconds .

AssetImportWorkerClient::OnTransportError - code=2 error=End of file
