Using pre-set license
Built from '2020.2/release' branch; Version is '2020.2.2f1 (068178b99f32) revision 426360'; Using compiler version '192528614'; Build Type 'Release'
OS: 'Windows 10 Home; OS build 19042.985; Version 2009; 64bit' Language: 'en' Physical Memory: 12154 MB
BatchMode: 1, IsHumanControllingUs: 0, StartBugReporterOnCrash: 0, Is64bit: 1, IsPro: 0

 COMMAND LINE ARGUMENTS:
C:\Program Files\Unity\Hub\Editor\2020.2.2f1\Editor\Unity.exe
-adb2
-batchMode
-noUpm
-name
AssetImportWorker0
-projectPath
C:/Users/Butterfly/Documents/My First Indie Game/Merge Color Sort Ball
-logFile
Logs/AssetImportWorker0.log
-srvPort
51207
Successfully changed project path to: C:/Users/Butterfly/Documents/My First Indie Game/Merge Color Sort Ball
C:/Users/Butterfly/Documents/My First Indie Game/Merge Color Sort Ball
Using Asset Import Pipeline V2.
Refreshing native plugins compatible for Editor in 107.79 ms, found 1 plugins.
Preloading 0 native plugins for Editor in 0.00 ms.
Initialize engine version: 2020.2.2f1 (068178b99f32)
[Subsystems] Discovering subsystems at path C:/Program Files/Unity/Hub/Editor/2020.2.2f1/Editor/Data/Resources/UnitySubsystems
[Subsystems] Discovering subsystems at path C:/Users/Butterfly/Documents/My First Indie Game/Merge Color Sort Ball/Assets
GfxDevice: creating device client; threaded=0
Direct3D:
    Version:  Direct3D 11.0 [level 11.1]
    Renderer: Intel(R) HD Graphics 620 (ID=0x5916)
    Vendor:   
    VRAM:     6077 MB
    Driver:   23.20.16.4973
Shader 'Universal Render Pipeline/Particles/Lit': fallback shader 'Universal Render Pipeline/Particles/SimpleLit' not found
Initialize mono
Mono path[0] = 'C:/Program Files/Unity/Hub/Editor/2020.2.2f1/Editor/Data/Managed'
Mono path[1] = 'C:/Program Files/Unity/Hub/Editor/2020.2.2f1/Editor/Data/MonoBleedingEdge/lib/mono/unityjit'
Mono config path = 'C:/Program Files/Unity/Hub/Editor/2020.2.2f1/Editor/Data/MonoBleedingEdge/etc'
Using monoOptions --debugger-agent=transport=dt_socket,embedding=1,server=y,suspend=n,address=127.0.0.1:56348
Begin MonoManager ReloadAssembly
Registering precompiled unity dll's ...
Register platform support module: C:/Program Files/Unity/Hub/Editor/2020.2.2f1/Editor/Data/PlaybackEngines/WebGLSupport/UnityEditor.WebGL.Extensions.dll
Register platform support module: C:/Program Files/Unity/Hub/Editor/2020.2.2f1/Editor/Data/PlaybackEngines/WindowsStandaloneSupport/UnityEditor.WindowsStandalone.Extensions.dll
Registered in 0.006617 seconds.
Native extension for WindowsStandalone target not found
Native extension for WebGL target not found
Refreshing native plugins compatible for Editor in 153.80 ms, found 1 plugins.
Preloading 0 native plugins for Editor in 0.00 ms.
Invoked RoslynAnalysisRunner static constructor.
RoslynAnalysisRunner will not be running.
RoslynAnalysisRunner has terminated.
Mono: successfully reloaded assembly
- Completed reload, in  9.684 seconds
Platform modules already initialized, skipping
Registering precompiled user dll's ...
Registered in 0.014390 seconds.
Begin MonoManager ReloadAssembly
Error: Could not load signature of Unity.Android.Logcat.AndroidLogcat:.ctor due to: Could not load file or assembly 'UnityEditor.Android.Extensions, Version=1.0.0.0, Culture=neutral, PublicKeyToken=null' or one of its dependencies. assembly:UnityEditor.Android.Extensions, Version=1.0.0.0, Culture=neutral, PublicKeyToken=null type:<unknown type> member:(null) signature:<none>
0x00007ff7131af02c (Unity) StackWalker::GetCurrentCallstack
0x00007ff7131b7409 (Unity) StackWalker::ShowCallstack
0x00007ff71467fafc (Unity) GetStacktrace
0x00007ff71575af63 (Unity) DebugStringToFile
0x00007ff712fd59eb (Unity) ScanForAttributesAndInterfaceImplementations
0x00007ff712fe8dba (Unity) MonoManager::EndReloadAssembly
0x00007ff712feffe9 (Unity) MonoManager::ReloadAssembly
0x00007ff71438a2a1 (Unity) LoadDomainAndUserAssemblies
0x00007ff71438a74e (Unity) LoadUserAssemblies
0x00007ff713d17ee1 (Unity) Application::InitializeProject
0x00007ff71468d0b2 (Unity) WinMain
0x00007ff7164f0c66 (Unity) __scrt_common_main_seh
0x00007fff5e4a7034 (KERNEL32) BaseThreadInitThunk
0x00007fff5f502651 (ntdll) RtlUserThreadStart

Unloading broken assembly Library/ScriptAssemblies/Unity.Mobile.AndroidLogcat.Editor.dll, this assembly can cause crashes in the runtime
0x00007ff7131af02c (Unity) StackWalker::GetCurrentCallstack
0x00007ff7131b7409 (Unity) StackWalker::ShowCallstack
0x00007ff71467fafc (Unity) GetStacktrace
0x00007ff71575af63 (Unity) DebugStringToFile
0x00007ff712ff1b39 (Unity) MonoManager::SetupLoadedEditorAssemblies
0x00007ff712fe910c (Unity) MonoManager::EndReloadAssembly
0x00007ff712feffe9 (Unity) MonoManager::ReloadAssembly
0x00007ff71438a2a1 (Unity) LoadDomainAndUserAssemblies
0x00007ff71438a74e (Unity) LoadUserAssemblies
0x00007ff713d17ee1 (Unity) Application::InitializeProject
0x00007ff71468d0b2 (Unity) WinMain
0x00007ff7164f0c66 (Unity) __scrt_common_main_seh
0x00007fff5e4a7034 (KERNEL32) BaseThreadInitThunk
0x00007fff5f502651 (ntdll) RtlUserThreadStart

Native extension for WindowsStandalone target not found
Native extension for WebGL target not found
Refreshing native plugins compatible for Editor in 149.10 ms, found 1 plugins.
Preloading 0 native plugins for Editor in 0.00 ms.
Invoked RoslynAnalysisRunner static constructor.
RoslynAnalysisRunner will not be running.
RoslynAnalysisRunner has terminated.
Mono: successfully reloaded assembly
- Completed reload, in 10.893 seconds
Platform modules already initialized, skipping
========================================================================
Worker process is ready to serve import requests
Shader 'Universal Render Pipeline/Particles/Lit': fallback shader 'Universal Render Pipeline/Particles/SimpleLit' not found
Launched and connected shader compiler UnityShaderCompiler.exe after 0.09 seconds
Refreshing native plugins compatible for Editor in 1.91 ms, found 1 plugins.
Preloading 0 native plugins for Editor in 0.00 ms.
Unloading 3175 Unused Serialized files (Serialized files now loaded: 0)
System memory in use before: 135.5 MB.
System memory in use after: 135.7 MB.

Unloading 50 unused Assets to reduce memory usage. Loaded Objects now: 3600.
Total: 4.949300 ms (FindLiveObjects: 0.515000 ms CreateObjectMapping: 1.183500 ms MarkObjects: 3.186000 ms  DeleteObjects: 0.062800 ms)

========================================================================
Received Import Request.
  path: Assets/Scripts/GamePlay/Destroyer.cs
  artifactKey: Guid(12bc56ae62b5909499ec88b734f82943) Importer(815301076,1909f56bfc062723c751e8b465ee728b)
Start importing Assets/Scripts/GamePlay/Destroyer.cs using Guid(12bc56ae62b5909499ec88b734f82943) Importer(815301076,1909f56bfc062723c751e8b465ee728b)  -> (artifact id: '9bdfbaabaa72b8535a5780d8921a894e') in 0.044703 seconds
  Import took 0.055010 seconds .

========================================================================
Received Prepare
Registering precompiled user dll's ...
Registered in 0.003267 seconds.
Begin MonoManager ReloadAssembly
Error: Could not load signature of Unity.Android.Logcat.AndroidLogcat:.ctor due to: Could not load file or assembly 'UnityEditor.Android.Extensions, Version=1.0.0.0, Culture=neutral, PublicKeyToken=null' or one of its dependencies. assembly:UnityEditor.Android.Extensions, Version=1.0.0.0, Culture=neutral, PublicKeyToken=null type:<unknown type> member:(null) signature:<none>
0x00007ff7131af02c (Unity) StackWalker::GetCurrentCallstack
0x00007ff7131b7409 (Unity) StackWalker::ShowCallstack
0x00007ff71467fafc (Unity) GetStacktrace
0x00007ff71575af63 (Unity) DebugStringToFile
0x00007ff712fd59eb (Unity) ScanForAttributesAndInterfaceImplementations
0x00007ff712fe8dba (Unity) MonoManager::EndReloadAssembly
0x00007ff712feffe9 (Unity) MonoManager::ReloadAssembly
0x00007ff71438a2a1 (Unity) LoadDomainAndUserAssemblies
0x00007ff71438a74e (Unity) LoadUserAssemblies
0x00007ff7147b39e9 (Unity) <lambda_fe9441f73272b7bdb4fc543a788e7929>::operator()
0x00007ff71487dd82 (Unity) asio::detail::completion_handler<core::mutable_function<void __cdecl(void)> >::do_complete
0x00007ff71487fee0 (Unity) asio::detail::win_iocp_io_service::do_one
0x00007ff71488366e (Unity) asio::io_service::run
0x00007ff7147f9ba0 (Unity) RunAssetImportWorkerClientV2
0x00007ff7147f9bf0 (Unity) RunAssetImporterV2
0x00007ff713d17ee6 (Unity) Application::InitializeProject
0x00007ff71468d0b2 (Unity) WinMain
0x00007ff7164f0c66 (Unity) __scrt_common_main_seh
0x00007fff5e4a7034 (KERNEL32) BaseThreadInitThunk
0x00007fff5f502651 (ntdll) RtlUserThreadStart

Unloading broken assembly Library/ScriptAssemblies/Unity.Mobile.AndroidLogcat.Editor.dll, this assembly can cause crashes in the runtime
0x00007ff7131af02c (Unity) StackWalker::GetCurrentCallstack
0x00007ff7131b7409 (Unity) StackWalker::ShowCallstack
0x00007ff71467fafc (Unity) GetStacktrace
0x00007ff71575af63 (Unity) DebugStringToFile
0x00007ff712ff1b39 (Unity) MonoManager::SetupLoadedEditorAssemblies
0x00007ff712fe910c (Unity) MonoManager::EndReloadAssembly
0x00007ff712feffe9 (Unity) MonoManager::ReloadAssembly
0x00007ff71438a2a1 (Unity) LoadDomainAndUserAssemblies
0x00007ff71438a74e (Unity) LoadUserAssemblies
0x00007ff7147b39e9 (Unity) <lambda_fe9441f73272b7bdb4fc543a788e7929>::operator()
0x00007ff71487dd82 (Unity) asio::detail::completion_handler<core::mutable_function<void __cdecl(void)> >::do_complete
0x00007ff71487fee0 (Unity) asio::detail::win_iocp_io_service::do_one
0x00007ff71488366e (Unity) asio::io_service::run
0x00007ff7147f9ba0 (Unity) RunAssetImportWorkerClientV2
0x00007ff7147f9bf0 (Unity) RunAssetImporterV2
0x00007ff713d17ee6 (Unity) Application::InitializeProject
0x00007ff71468d0b2 (Unity) WinMain
0x00007ff7164f0c66 (Unity) __scrt_common_main_seh
0x00007fff5e4a7034 (KERNEL32) BaseThreadInitThunk
0x00007fff5f502651 (ntdll) RtlUserThreadStart

Native extension for WindowsStandalone target not found
Native extension for WebGL target not found
Refreshing native plugins compatible for Editor in 0.96 ms, found 1 plugins.
Preloading 0 native plugins for Editor in 0.00 ms.
Invoked RoslynAnalysisRunner static constructor.
RoslynAnalysisRunner will not be running.
RoslynAnalysisRunner has terminated.
Mono: successfully reloaded assembly
- Completed reload, in  1.453 seconds
Platform modules already initialized, skipping
Switching build target platform(5) subTarget(0) extendedPlatform(0) -> platform(13) subTarget(589824) extendedPlatform(0)
Shader 'Universal Render Pipeline/Particles/Lit': fallback shader 'Universal Render Pipeline/Particles/SimpleLit' not found
Refreshing native plugins compatible for Editor in 1.89 ms, found 1 plugins.
Preloading 0 native plugins for Editor in 0.00 ms.
Unloading 3064 Unused Serialized files (Serialized files now loaded: 0)
System memory in use before: 127.8 MB.
System memory in use after: 128.0 MB.

Unloading 39 unused Assets to reduce memory usage. Loaded Objects now: 3603.
Total: 3.352900 ms (FindLiveObjects: 0.467700 ms CreateObjectMapping: 0.272000 ms MarkObjects: 2.581800 ms  DeleteObjects: 0.030000 ms)

AssetImportParameters requested are different than current active one (requested -> active):
  custom:graphics/normal-map-encoding: 01000000000000000000000000000000 -> 02000000000000000000000000000000
========================================================================
Received Import Request.
  Time since last request: 227.691230 seconds.
  path: Assets/Scripts/GamePlay/Destroyer.cs
  artifactKey: Guid(12bc56ae62b5909499ec88b734f82943) Importer(815301076,1909f56bfc062723c751e8b465ee728b)
Start importing Assets/Scripts/GamePlay/Destroyer.cs using Guid(12bc56ae62b5909499ec88b734f82943) Importer(815301076,1909f56bfc062723c751e8b465ee728b)  -> (artifact id: '3a0ce1964e7dac9e54678f13a26ccf31') in 0.009861 seconds
  Import took 0.023315 seconds .

========================================================================
Received Import Request.
  Time since last request: 0.038715 seconds.
  path: Assets/Scripts/GamePlay/Destroyer.cs
  artifactKey: Guid(12bc56ae62b5909499ec88b734f82943) Importer(815301076,1909f56bfc062723c751e8b465ee728b)
Start importing Assets/Scripts/GamePlay/Destroyer.cs using Guid(12bc56ae62b5909499ec88b734f82943) Importer(815301076,1909f56bfc062723c751e8b465ee728b)  -> (artifact id: '3a0ce1964e7dac9e54678f13a26ccf31') in 0.006030 seconds
  Import took 0.013411 seconds .

========================================================================
Received Prepare
Registering precompiled user dll's ...
Registered in 0.003244 seconds.
Begin MonoManager ReloadAssembly
Error: Could not load signature of Unity.Android.Logcat.AndroidLogcat:.ctor due to: Could not load file or assembly 'UnityEditor.Android.Extensions, Version=1.0.0.0, Culture=neutral, PublicKeyToken=null' or one of its dependencies. assembly:UnityEditor.Android.Extensions, Version=1.0.0.0, Culture=neutral, PublicKeyToken=null type:<unknown type> member:(null) signature:<none>
0x00007ff7131af02c (Unity) StackWalker::GetCurrentCallstack
0x00007ff7131b7409 (Unity) StackWalker::ShowCallstack
0x00007ff71467fafc (Unity) GetStacktrace
0x00007ff71575af63 (Unity) DebugStringToFile
0x00007ff712fd59eb (Unity) ScanForAttributesAndInterfaceImplementations
0x00007ff712fe8dba (Unity) MonoManager::EndReloadAssembly
0x00007ff712feffe9 (Unity) MonoManager::ReloadAssembly
0x00007ff71438a2a1 (Unity) LoadDomainAndUserAssemblies
0x00007ff71438a74e (Unity) LoadUserAssemblies
0x00007ff7147b39e9 (Unity) <lambda_fe9441f73272b7bdb4fc543a788e7929>::operator()
0x00007ff71487dd82 (Unity) asio::detail::completion_handler<core::mutable_function<void __cdecl(void)> >::do_complete
0x00007ff71487fee0 (Unity) asio::detail::win_iocp_io_service::do_one
0x00007ff71488366e (Unity) asio::io_service::run
0x00007ff7147f9ba0 (Unity) RunAssetImportWorkerClientV2
0x00007ff7147f9bf0 (Unity) RunAssetImporterV2
0x00007ff713d17ee6 (Unity) Application::InitializeProject
0x00007ff71468d0b2 (Unity) WinMain
0x00007ff7164f0c66 (Unity) __scrt_common_main_seh
0x00007fff5e4a7034 (KERNEL32) BaseThreadInitThunk
0x00007fff5f502651 (ntdll) RtlUserThreadStart

Unloading broken assembly Library/ScriptAssemblies/Unity.Mobile.AndroidLogcat.Editor.dll, this assembly can cause crashes in the runtime
0x00007ff7131af02c (Unity) StackWalker::GetCurrentCallstack
0x00007ff7131b7409 (Unity) StackWalker::ShowCallstack
0x00007ff71467fafc (Unity) GetStacktrace
0x00007ff71575af63 (Unity) DebugStringToFile
0x00007ff712ff1b39 (Unity) MonoManager::SetupLoadedEditorAssemblies
0x00007ff712fe910c (Unity) MonoManager::EndReloadAssembly
0x00007ff712feffe9 (Unity) MonoManager::ReloadAssembly
0x00007ff71438a2a1 (Unity) LoadDomainAndUserAssemblies
0x00007ff71438a74e (Unity) LoadUserAssemblies
0x00007ff7147b39e9 (Unity) <lambda_fe9441f73272b7bdb4fc543a788e7929>::operator()
0x00007ff71487dd82 (Unity) asio::detail::completion_handler<core::mutable_function<void __cdecl(void)> >::do_complete
0x00007ff71487fee0 (Unity) asio::detail::win_iocp_io_service::do_one
0x00007ff71488366e (Unity) asio::io_service::run
0x00007ff7147f9ba0 (Unity) RunAssetImportWorkerClientV2
0x00007ff7147f9bf0 (Unity) RunAssetImporterV2
0x00007ff713d17ee6 (Unity) Application::InitializeProject
0x00007ff71468d0b2 (Unity) WinMain
0x00007ff7164f0c66 (Unity) __scrt_common_main_seh
0x00007fff5e4a7034 (KERNEL32) BaseThreadInitThunk
0x00007fff5f502651 (ntdll) RtlUserThreadStart

Native extension for WindowsStandalone target not found
Native extension for WebGL target not found
Refreshing native plugins compatible for Editor in 0.91 ms, found 1 plugins.
Preloading 0 native plugins for Editor in 0.00 ms.
Invoked RoslynAnalysisRunner static constructor.
RoslynAnalysisRunner will not be running.
RoslynAnalysisRunner has terminated.
Mono: successfully reloaded assembly
- Completed reload, in  1.428 seconds
Platform modules already initialized, skipping
Switching build target platform(5) subTarget(0) extendedPlatform(0) -> platform(13) subTarget(589824) extendedPlatform(0)
Shader 'Universal Render Pipeline/Particles/Lit': fallback shader 'Universal Render Pipeline/Particles/SimpleLit' not found
Refreshing native plugins compatible for Editor in 1.08 ms, found 1 plugins.
Preloading 0 native plugins for Editor in 0.00 ms.
Unloading 3064 Unused Serialized files (Serialized files now loaded: 0)
System memory in use before: 127.9 MB.
System memory in use after: 128.1 MB.

Unloading 39 unused Assets to reduce memory usage. Loaded Objects now: 3606.
Total: 3.114500 ms (FindLiveObjects: 0.418900 ms CreateObjectMapping: 0.277300 ms MarkObjects: 2.386200 ms  DeleteObjects: 0.030100 ms)

AssetImportParameters requested are different than current active one (requested -> active):
  custom:graphics/normal-map-encoding: 01000000000000000000000000000000 -> 02000000000000000000000000000000
========================================================================
Received Prepare
Registering precompiled user dll's ...
Registered in 0.004190 seconds.
Begin MonoManager ReloadAssembly
Error: Could not load signature of Unity.Android.Logcat.AndroidLogcat:.ctor due to: Could not load file or assembly 'UnityEditor.Android.Extensions, Version=1.0.0.0, Culture=neutral, PublicKeyToken=null' or one of its dependencies. assembly:UnityEditor.Android.Extensions, Version=1.0.0.0, Culture=neutral, PublicKeyToken=null type:<unknown type> member:(null) signature:<none>
0x00007ff7131af02c (Unity) StackWalker::GetCurrentCallstack
0x00007ff7131b7409 (Unity) StackWalker::ShowCallstack
0x00007ff71467fafc (Unity) GetStacktrace
0x00007ff71575af63 (Unity) DebugStringToFile
0x00007ff712fd59eb (Unity) ScanForAttributesAndInterfaceImplementations
0x00007ff712fe8dba (Unity) MonoManager::EndReloadAssembly
0x00007ff712feffe9 (Unity) MonoManager::ReloadAssembly
0x00007ff71438a2a1 (Unity) LoadDomainAndUserAssemblies
0x00007ff71438a74e (Unity) LoadUserAssemblies
0x00007ff7147b39e9 (Unity) <lambda_fe9441f73272b7bdb4fc543a788e7929>::operator()
0x00007ff71487dd82 (Unity) asio::detail::completion_handler<core::mutable_function<void __cdecl(void)> >::do_complete
0x00007ff71487fee0 (Unity) asio::detail::win_iocp_io_service::do_one
0x00007ff71488366e (Unity) asio::io_service::run
0x00007ff7147f9ba0 (Unity) RunAssetImportWorkerClientV2
0x00007ff7147f9bf0 (Unity) RunAssetImporterV2
0x00007ff713d17ee6 (Unity) Application::InitializeProject
0x00007ff71468d0b2 (Unity) WinMain
0x00007ff7164f0c66 (Unity) __scrt_common_main_seh
0x00007fff5e4a7034 (KERNEL32) BaseThreadInitThunk
0x00007fff5f502651 (ntdll) RtlUserThreadStart

Unloading broken assembly Library/ScriptAssemblies/Unity.Mobile.AndroidLogcat.Editor.dll, this assembly can cause crashes in the runtime
0x00007ff7131af02c (Unity) StackWalker::GetCurrentCallstack
0x00007ff7131b7409 (Unity) StackWalker::ShowCallstack
0x00007ff71467fafc (Unity) GetStacktrace
0x00007ff71575af63 (Unity) DebugStringToFile
0x00007ff712ff1b39 (Unity) MonoManager::SetupLoadedEditorAssemblies
0x00007ff712fe910c (Unity) MonoManager::EndReloadAssembly
0x00007ff712feffe9 (Unity) MonoManager::ReloadAssembly
0x00007ff71438a2a1 (Unity) LoadDomainAndUserAssemblies
0x00007ff71438a74e (Unity) LoadUserAssemblies
0x00007ff7147b39e9 (Unity) <lambda_fe9441f73272b7bdb4fc543a788e7929>::operator()
0x00007ff71487dd82 (Unity) asio::detail::completion_handler<core::mutable_function<void __cdecl(void)> >::do_complete
0x00007ff71487fee0 (Unity) asio::detail::win_iocp_io_service::do_one
0x00007ff71488366e (Unity) asio::io_service::run
0x00007ff7147f9ba0 (Unity) RunAssetImportWorkerClientV2
0x00007ff7147f9bf0 (Unity) RunAssetImporterV2
0x00007ff713d17ee6 (Unity) Application::InitializeProject
0x00007ff71468d0b2 (Unity) WinMain
0x00007ff7164f0c66 (Unity) __scrt_common_main_seh
0x00007fff5e4a7034 (KERNEL32) BaseThreadInitThunk
0x00007fff5f502651 (ntdll) RtlUserThreadStart

Native extension for WindowsStandalone target not found
Native extension for WebGL target not found
Refreshing native plugins compatible for Editor in 0.87 ms, found 1 plugins.
Preloading 0 native plugins for Editor in 0.00 ms.
Invoked RoslynAnalysisRunner static constructor.
RoslynAnalysisRunner will not be running.
RoslynAnalysisRunner has terminated.
Mono: successfully reloaded assembly
- Completed reload, in  1.334 seconds
Platform modules already initialized, skipping
Switching build target platform(5) subTarget(0) extendedPlatform(0) -> platform(13) subTarget(589824) extendedPlatform(0)
Shader 'Universal Render Pipeline/Particles/Lit': fallback shader 'Universal Render Pipeline/Particles/SimpleLit' not found
Refreshing native plugins compatible for Editor in 0.87 ms, found 1 plugins.
Preloading 0 native plugins for Editor in 0.00 ms.
Unloading 3064 Unused Serialized files (Serialized files now loaded: 0)
System memory in use before: 128.0 MB.
System memory in use after: 128.2 MB.

Unloading 39 unused Assets to reduce memory usage. Loaded Objects now: 3609.
Total: 3.375200 ms (FindLiveObjects: 0.384300 ms CreateObjectMapping: 0.274600 ms MarkObjects: 2.684000 ms  DeleteObjects: 0.030600 ms)

AssetImportParameters requested are different than current active one (requested -> active):
  custom:graphics/normal-map-encoding: 01000000000000000000000000000000 -> 02000000000000000000000000000000
AssetImportWorkerClient::OnTransportError - code=2 error=End of file
