Using pre-set license
Built from '2022.3/staging' branch; Version is '2022.3.3f1 (7cdc2969a641) revision 8182825'; Using compiler version '192829333'; Build Type 'Release'
OS: 'Windows 10  (10.0.19045) 64bit ProfessionalWorkstation' Language: 'en' Physical Memory: 32562 MB
BatchMode: 1, IsHumanControllingUs: 0, StartBugReporterOnCrash: 0, Is64bit: 1, IsPro: 1

COMMAND LINE ARGUMENTS:
C:\Program Files\Unity\Hub\Editor\2022.3.3f1\Editor\Unity.exe
-adb2
-batchMode
-noUpm
-name
AssetImportWorker2
-projectPath
E:/GameSeekers/Merge-Color-Sort-Ball
-logFile
Logs/AssetImportWorker2.log
-srvPort
49862
Successfully changed project path to: E:/GameSeekers/Merge-Color-Sort-Ball
E:/GameSeekers/Merge-Color-Sort-Ball
[UnityMemory] Configuration Parameters - Can be set up in boot.config
    "memorysetup-bucket-allocator-granularity=16"
    "memorysetup-bucket-allocator-bucket-count=8"
    "memorysetup-bucket-allocator-block-size=33554432"
    "memorysetup-bucket-allocator-block-count=8"
    "memorysetup-main-allocator-block-size=16777216"
    "memorysetup-thread-allocator-block-size=16777216"
    "memorysetup-gfx-main-allocator-block-size=16777216"
    "memorysetup-gfx-thread-allocator-block-size=16777216"
    "memorysetup-cache-allocator-block-size=4194304"
    "memorysetup-typetree-allocator-block-size=2097152"
    "memorysetup-profiler-bucket-allocator-granularity=16"
    "memorysetup-profiler-bucket-allocator-bucket-count=8"
    "memorysetup-profiler-bucket-allocator-block-size=33554432"
    "memorysetup-profiler-bucket-allocator-block-count=8"
    "memorysetup-profiler-allocator-block-size=16777216"
    "memorysetup-profiler-editor-allocator-block-size=1048576"
    "memorysetup-temp-allocator-size-main=16777216"
    "memorysetup-job-temp-allocator-block-size=2097152"
    "memorysetup-job-temp-allocator-block-size-background=1048576"
    "memorysetup-job-temp-allocator-reduction-small-platforms=262144"
    "memorysetup-allocator-temp-initial-block-size-main=262144"
    "memorysetup-allocator-temp-initial-block-size-worker=262144"
    "memorysetup-temp-allocator-size-background-worker=32768"
    "memorysetup-temp-allocator-size-job-worker=262144"
    "memorysetup-temp-allocator-size-preload-manager=33554432"
    "memorysetup-temp-allocator-size-nav-mesh-worker=65536"
    "memorysetup-temp-allocator-size-audio-worker=65536"
    "memorysetup-temp-allocator-size-cloud-worker=32768"
    "memorysetup-temp-allocator-size-gi-baking-worker=262144"
    "memorysetup-temp-allocator-size-gfx=262144"
Player connection [22728] Host "[IP] 192.168.0.173 [Port] 0 [Flags] 2 [Guid] 2115266403 [EditorId] 2115266403 [Version] 1048832 [Id] WindowsEditor(7,DESKTOP-MVVFJBC) [Debug] 1 [PackageName] WindowsEditor [ProjectName] Editor" joined multi-casting on [225.0.0.222:54997]...

Player connection [22728] Host "[IP] 192.168.0.173 [Port] 0 [Flags] 2 [Guid] 2115266403 [EditorId] 2115266403 [Version] 1048832 [Id] WindowsEditor(7,DESKTOP-MVVFJBC) [Debug] 1 [PackageName] WindowsEditor [ProjectName] Editor" joined alternative multi-casting on [225.0.0.222:34997]...

Refreshing native plugins compatible for Editor in 22.33 ms, found 6 plugins.
Preloading 0 native plugins for Editor in 0.00 ms.
Initialize engine version: 2022.3.3f1 (7cdc2969a641)
[Subsystems] Discovering subsystems at path C:/Program Files/Unity/Hub/Editor/2022.3.3f1/Editor/Data/Resources/UnitySubsystems
[Subsystems] Discovering subsystems at path E:/GameSeekers/Merge-Color-Sort-Ball/Assets
GfxDevice: creating device client; threaded=0; jobified=0
Direct3D:
    Version:  Direct3D 11.0 [level 11.1]
    Renderer: NVIDIA GeForce GTX 1050 Ti (ID=0x1c82)
    Vendor:   NVIDIA
    VRAM:     4017 MB
    Driver:   31.0.15.3623
Initialize mono
Mono path[0] = 'C:/Program Files/Unity/Hub/Editor/2022.3.3f1/Editor/Data/Managed'
Mono path[1] = 'C:/Program Files/Unity/Hub/Editor/2022.3.3f1/Editor/Data/MonoBleedingEdge/lib/mono/unityjit-win32'
Mono config path = 'C:/Program Files/Unity/Hub/Editor/2022.3.3f1/Editor/Data/MonoBleedingEdge/etc'
Using monoOptions --debugger-agent=transport=dt_socket,embedding=1,server=y,suspend=n,address=127.0.0.1:56936
Begin MonoManager ReloadAssembly
Registering precompiled unity dll's ...
Register platform support module: C:/Program Files/Unity/Hub/Editor/2022.3.3f1/Editor/Data/PlaybackEngines/WebGLSupport/UnityEditor.WebGL.Extensions.dll
Register platform support module: C:/Program Files/Unity/Hub/Editor/2022.3.3f1/Editor/Data/PlaybackEngines/AndroidPlayer/UnityEditor.Android.Extensions.dll
Register platform support module: C:/Program Files/Unity/Hub/Editor/2022.3.3f1/Editor/Data/PlaybackEngines/WindowsStandaloneSupport/UnityEditor.WindowsStandalone.Extensions.dll
Registered in 0.011012 seconds.
- Loaded All Assemblies, in  0.315 seconds
Native extension for WindowsStandalone target not found
Native extension for Android target not found
Android Extension - Scanning For ADB Devices 244 ms
Native extension for WebGL target not found
Mono: successfully reloaded assembly
- Finished resetting the current domain, in  0.528 seconds
Domain Reload Profiling: 839ms
	BeginReloadAssembly (77ms)
		ExecutionOrderSort (0ms)
		DisableScriptedObjects (0ms)
		BackupInstance (0ms)
		ReleaseScriptingObjects (0ms)
		CreateAndSetChildDomain (1ms)
	RebuildCommonClasses (28ms)
	RebuildNativeTypeToScriptingClass (8ms)
	initialDomainReloadingComplete (65ms)
	LoadAllAssembliesAndSetupDomain (132ms)
		LoadAssemblies (73ms)
		RebuildTransferFunctionScriptingTraits (0ms)
		AnalyzeDomain (121ms)
			TypeCache.Refresh (120ms)
				TypeCache.ScanAssembly (107ms)
			ScanForSourceGeneratedMonoScriptInfo (0ms)
			ResolveRequiredComponents (0ms)
	FinalizeReload (528ms)
		ReleaseScriptCaches (0ms)
		RebuildScriptCaches (0ms)
		SetupLoadedEditorAssemblies (481ms)
			LogAssemblyErrors (0ms)
			InitializePlatformSupportModulesInManaged (347ms)
			SetLoadedEditorAssemblies (3ms)
			RefreshPlugins (0ms)
			BeforeProcessingInitializeOnLoad (2ms)
			ProcessInitializeOnLoadAttributes (89ms)
			ProcessInitializeOnLoadMethodAttributes (40ms)
			AfterProcessingInitializeOnLoad (0ms)
			EditorAssembliesLoaded (0ms)
		ExecutionOrderSort2 (0ms)
		AwakeInstancesAfterBackupRestoration (0ms)
========================================================================
Worker process is ready to serve import requests
Begin MonoManager ReloadAssembly
- Loaded All Assemblies, in  0.768 seconds
Refreshing native plugins compatible for Editor in 11.88 ms, found 6 plugins.
Native extension for WindowsStandalone target not found
Native extension for Android target not found
Native extension for WebGL target not found
Mono: successfully reloaded assembly
- Finished resetting the current domain, in  0.765 seconds
Domain Reload Profiling: 1526ms
	BeginReloadAssembly (127ms)
		ExecutionOrderSort (0ms)
		DisableScriptedObjects (4ms)
		BackupInstance (0ms)
		ReleaseScriptingObjects (0ms)
		CreateAndSetChildDomain (28ms)
	RebuildCommonClasses (29ms)
	RebuildNativeTypeToScriptingClass (8ms)
	initialDomainReloadingComplete (44ms)
	LoadAllAssembliesAndSetupDomain (552ms)
		LoadAssemblies (333ms)
		RebuildTransferFunctionScriptingTraits (0ms)
		AnalyzeDomain (265ms)
			TypeCache.Refresh (238ms)
				TypeCache.ScanAssembly (223ms)
			ScanForSourceGeneratedMonoScriptInfo (20ms)
			ResolveRequiredComponents (7ms)
	FinalizeReload (766ms)
		ReleaseScriptCaches (0ms)
		RebuildScriptCaches (0ms)
		SetupLoadedEditorAssemblies (615ms)
			LogAssemblyErrors (0ms)
			InitializePlatformSupportModulesInManaged (22ms)
			SetLoadedEditorAssemblies (3ms)
			RefreshPlugins (0ms)
			BeforeProcessingInitializeOnLoad (62ms)
			ProcessInitializeOnLoadAttributes (459ms)
			ProcessInitializeOnLoadMethodAttributes (59ms)
			AfterProcessingInitializeOnLoad (10ms)
			EditorAssembliesLoaded (0ms)
		ExecutionOrderSort2 (0ms)
		AwakeInstancesAfterBackupRestoration (5ms)
Launched and connected shader compiler UnityShaderCompiler.exe after 0.03 seconds
Refreshing native plugins compatible for Editor in 15.71 ms, found 6 plugins.
Preloading 0 native plugins for Editor in 0.00 ms.
Unloading 4361 Unused Serialized files (Serialized files now loaded: 0)
Unloading 98 unused Assets / (44.9 KB). Loaded Objects now: 4823.
Memory consumption went from 195.1 MB to 195.1 MB.
Total: 4.266200 ms (FindLiveObjects: 0.404000 ms CreateObjectMapping: 0.258100 ms MarkObjects: 3.451700 ms  DeleteObjects: 0.151300 ms)

AssetImportParameters requested are different than current active one (requested -> active):
  custom:container-demuxer-ogg: 62fdf1f143b41e24485cea50d1cbac27 -> 
  custom:video-decoder-ogg-theora: a1e56fd34408186e4bbccfd4996cb3dc -> 
  custom:framework-win-MediaFoundation: 216162199b28c13a410421893ffa2e32 -> 
  custom:container-demuxer-webm: 4f35f7cbe854078d1ac9338744f61a02 -> 
  custom:container-muxer-webm: aa71ff27fc2769a1b78a27578f13a17b -> 
  custom:video-decoder-webm-vp8: 9c59270c3fd7afecdb556c50c9e8de78 -> 
  custom:AudioImporter_EditorPlatform: d09bf68614088b80899f8185d706f6e7 -> 
  custom:video-encoder-webm-vp8: eb34c28f22e8b96e1ab97ce403110664 -> 
  custom:audio-decoder-ogg-vorbis: bf7c407c2cedff20999df2af8eb42d56 -> 
  custom:audio-encoder-webm-vorbis: bf7c407c2cedff20999df2af8eb42d56 -> 
========================================================================
Received Import Request.
  Time since last request: 649914.976942 seconds.
  path: Assets/Sarah-1[Notification].png
  artifactKey: Guid(939da4c435986ca4dba48730c43ad74b) Importer(815301076,1909f56bfc062723c751e8b465ee728b)
Start importing Assets/Sarah-1[Notification].png using Guid(939da4c435986ca4dba48730c43ad74b) Importer(815301076,1909f56bfc062723c751e8b465ee728b)  -> (artifact id: '584e5ea2b819404e2bb66245fb187af0') in 0.014321 seconds
Number of updated asset objects reloaded before import = 0
Number of asset objects unloaded after import = 2
========================================================================
Received Import Request.
  Time since last request: 0.000039 seconds.
  path: Assets/logo 3.png
  artifactKey: Guid(a03677ab3c2581e4fa833fd1ba8480db) Importer(815301076,1909f56bfc062723c751e8b465ee728b)
Start importing Assets/logo 3.png using Guid(a03677ab3c2581e4fa833fd1ba8480db) Importer(815301076,1909f56bfc062723c751e8b465ee728b)  -> (artifact id: 'aac6a8127ed3527793a6020e8786688b') in 0.007168 seconds
Number of updated asset objects reloaded before import = 0
Number of asset objects unloaded after import = 2
========================================================================
Received Import Request.
  Time since last request: 0.000021 seconds.
  path: Assets/NoificationManager.prefab
  artifactKey: Guid(a7e1196335fd6cb42bb81cd3337074d0) Importer(815301076,1909f56bfc062723c751e8b465ee728b)
Start importing Assets/NoificationManager.prefab using Guid(a7e1196335fd6cb42bb81cd3337074d0) Importer(815301076,1909f56bfc062723c751e8b465ee728b)  -> (artifact id: '9da7b7c66ee0c0c2a78610df4748e010') in 0.001660 seconds
Number of updated asset objects reloaded before import = 0
Number of asset objects unloaded after import = 4
========================================================================
Received Import Request.
  Time since last request: 0.000017 seconds.
  path: Assets/Mermaid (1).png
  artifactKey: Guid(cf41d16ecb739d643a9c333abbf2c9cf) Importer(815301076,1909f56bfc062723c751e8b465ee728b)
Start importing Assets/Mermaid (1).png using Guid(cf41d16ecb739d643a9c333abbf2c9cf) Importer(815301076,1909f56bfc062723c751e8b465ee728b)  -> (artifact id: 'd1a62eb721c266bc70ff884b7d95a9c7') in 0.024584 seconds
Number of updated asset objects reloaded before import = 0
Number of asset objects unloaded after import = 2
========================================================================
Received Import Request.
  Time since last request: 14.101796 seconds.
  path: Assets/Sprites/fish/fish-4/fish-4_00000.png
  artifactKey: Guid(e2a10abd87c121143a593745ecd2c334) Importer(815301076,1909f56bfc062723c751e8b465ee728b)
Start importing Assets/Sprites/fish/fish-4/fish-4_00000.png using Guid(e2a10abd87c121143a593745ecd2c334) Importer(815301076,1909f56bfc062723c751e8b465ee728b)  -> (artifact id: 'da4607bcd2510cf3f398fb6070ed7de7') in 0.003781 seconds
Number of updated asset objects reloaded before import = 0
Number of asset objects unloaded after import = 2
========================================================================
Received Import Request.
  Time since last request: 57.528845 seconds.
  path: Assets/Sprites/fish/fish-6/fish-6_00000.png
  artifactKey: Guid(ed63cb5579e04b241bb83fd3a61a5d45) Importer(815301076,1909f56bfc062723c751e8b465ee728b)
Start importing Assets/Sprites/fish/fish-6/fish-6_00000.png using Guid(ed63cb5579e04b241bb83fd3a61a5d45) Importer(815301076,1909f56bfc062723c751e8b465ee728b)  -> (artifact id: 'df68008859d01d3e6d2098fdaadf5671') in 0.002722 seconds
Number of updated asset objects reloaded before import = 0
Number of asset objects unloaded after import = 2
========================================================================
Received Import Request.
  Time since last request: 35.261516 seconds.
  path: Assets/Sprites/fish/Stingrey/stingray_00000.png
  artifactKey: Guid(992fa7e1420424f4ea89333ad7070f41) Importer(815301076,1909f56bfc062723c751e8b465ee728b)
Start importing Assets/Sprites/fish/Stingrey/stingray_00000.png using Guid(992fa7e1420424f4ea89333ad7070f41) Importer(815301076,1909f56bfc062723c751e8b465ee728b)  -> (artifact id: 'ca0594240c0dfd01e2f90aeb9e17000c') in 0.002575 seconds
Number of updated asset objects reloaded before import = 0
Number of asset objects unloaded after import = 2
========================================================================
Received Prepare
Begin MonoManager ReloadAssembly
- Loaded All Assemblies, in  0.614 seconds
Refreshing native plugins compatible for Editor in 11.89 ms, found 6 plugins.
Native extension for WindowsStandalone target not found
Native extension for Android target not found
Native extension for WebGL target not found
Mono: successfully reloaded assembly
- Finished resetting the current domain, in  1.185 seconds
Domain Reload Profiling: 1792ms
	BeginReloadAssembly (132ms)
		ExecutionOrderSort (0ms)
		DisableScriptedObjects (10ms)
		BackupInstance (0ms)
		ReleaseScriptingObjects (0ms)
		CreateAndSetChildDomain (36ms)
	RebuildCommonClasses (23ms)
	RebuildNativeTypeToScriptingClass (8ms)
	initialDomainReloadingComplete (31ms)
	LoadAllAssembliesAndSetupDomain (412ms)
		LoadAssemblies (258ms)
		RebuildTransferFunctionScriptingTraits (0ms)
		AnalyzeDomain (195ms)
			TypeCache.Refresh (189ms)
				TypeCache.ScanAssembly (178ms)
			ScanForSourceGeneratedMonoScriptInfo (0ms)
			ResolveRequiredComponents (6ms)
	FinalizeReload (1186ms)
		ReleaseScriptCaches (0ms)
		RebuildScriptCaches (0ms)
		SetupLoadedEditorAssemblies (555ms)
			LogAssemblyErrors (0ms)
			InitializePlatformSupportModulesInManaged (22ms)
			SetLoadedEditorAssemblies (3ms)
			RefreshPlugins (0ms)
			BeforeProcessingInitializeOnLoad (64ms)
			ProcessInitializeOnLoadAttributes (392ms)
			ProcessInitializeOnLoadMethodAttributes (63ms)
			AfterProcessingInitializeOnLoad (11ms)
			EditorAssembliesLoaded (0ms)
		ExecutionOrderSort2 (0ms)
		AwakeInstancesAfterBackupRestoration (12ms)
Refreshing native plugins compatible for Editor in 12.21 ms, found 6 plugins.
Preloading 0 native plugins for Editor in 0.00 ms.
Unloading 4202 Unused Serialized files (Serialized files now loaded: 0)
Unloading 65 unused Assets / (43.4 KB). Loaded Objects now: 4830.
Memory consumption went from 165.6 MB to 165.6 MB.
Total: 3.637100 ms (FindLiveObjects: 0.351100 ms CreateObjectMapping: 0.183000 ms MarkObjects: 2.979000 ms  DeleteObjects: 0.123100 ms)

Prepare: number of updated asset objects reloaded= 0
AssetImportParameters requested are different than current active one (requested -> active):
  custom:container-demuxer-ogg: 62fdf1f143b41e24485cea50d1cbac27 -> 
  custom:video-decoder-ogg-theora: a1e56fd34408186e4bbccfd4996cb3dc -> 
  custom:framework-win-MediaFoundation: 216162199b28c13a410421893ffa2e32 -> 
  custom:container-demuxer-webm: 4f35f7cbe854078d1ac9338744f61a02 -> 
  custom:container-muxer-webm: aa71ff27fc2769a1b78a27578f13a17b -> 
  custom:video-decoder-webm-vp8: 9c59270c3fd7afecdb556c50c9e8de78 -> 
  custom:AudioImporter_EditorPlatform: d09bf68614088b80899f8185d706f6e7 -> 
  custom:video-encoder-webm-vp8: eb34c28f22e8b96e1ab97ce403110664 -> 
  custom:audio-decoder-ogg-vorbis: bf7c407c2cedff20999df2af8eb42d56 -> 
  custom:audio-encoder-webm-vorbis: bf7c407c2cedff20999df2af8eb42d56 -> 
========================================================================
Received Prepare
Begin MonoManager ReloadAssembly
- Loaded All Assemblies, in  0.638 seconds
Refreshing native plugins compatible for Editor in 11.34 ms, found 6 plugins.
Native extension for WindowsStandalone target not found
Native extension for Android target not found
Native extension for WebGL target not found
Mono: successfully reloaded assembly
- Finished resetting the current domain, in  1.107 seconds
Domain Reload Profiling: 1739ms
	BeginReloadAssembly (129ms)
		ExecutionOrderSort (0ms)
		DisableScriptedObjects (9ms)
		BackupInstance (0ms)
		ReleaseScriptingObjects (0ms)
		CreateAndSetChildDomain (33ms)
	RebuildCommonClasses (28ms)
	RebuildNativeTypeToScriptingClass (12ms)
	initialDomainReloadingComplete (35ms)
	LoadAllAssembliesAndSetupDomain (426ms)
		LoadAssemblies (275ms)
		RebuildTransferFunctionScriptingTraits (0ms)
		AnalyzeDomain (194ms)
			TypeCache.Refresh (187ms)
				TypeCache.ScanAssembly (178ms)
			ScanForSourceGeneratedMonoScriptInfo (0ms)
			ResolveRequiredComponents (6ms)
	FinalizeReload (1108ms)
		ReleaseScriptCaches (0ms)
		RebuildScriptCaches (0ms)
		SetupLoadedEditorAssemblies (500ms)
			LogAssemblyErrors (0ms)
			InitializePlatformSupportModulesInManaged (24ms)
			SetLoadedEditorAssemblies (3ms)
			RefreshPlugins (0ms)
			BeforeProcessingInitializeOnLoad (66ms)
			ProcessInitializeOnLoadAttributes (348ms)
			ProcessInitializeOnLoadMethodAttributes (50ms)
			AfterProcessingInitializeOnLoad (10ms)
			EditorAssembliesLoaded (0ms)
		ExecutionOrderSort2 (0ms)
		AwakeInstancesAfterBackupRestoration (10ms)
Refreshing native plugins compatible for Editor in 10.78 ms, found 6 plugins.
Preloading 0 native plugins for Editor in 0.00 ms.
Unloading 4202 Unused Serialized files (Serialized files now loaded: 0)
Unloading 65 unused Assets / (43.4 KB). Loaded Objects now: 4835.
Memory consumption went from 165.6 MB to 165.6 MB.
Total: 3.432800 ms (FindLiveObjects: 0.495000 ms CreateObjectMapping: 0.191200 ms MarkObjects: 2.663700 ms  DeleteObjects: 0.082000 ms)

Prepare: number of updated asset objects reloaded= 0
AssetImportParameters requested are different than current active one (requested -> active):
  custom:container-demuxer-ogg: 62fdf1f143b41e24485cea50d1cbac27 -> 
  custom:video-decoder-ogg-theora: a1e56fd34408186e4bbccfd4996cb3dc -> 
  custom:framework-win-MediaFoundation: 216162199b28c13a410421893ffa2e32 -> 
  custom:container-demuxer-webm: 4f35f7cbe854078d1ac9338744f61a02 -> 
  custom:container-muxer-webm: aa71ff27fc2769a1b78a27578f13a17b -> 
  custom:video-decoder-webm-vp8: 9c59270c3fd7afecdb556c50c9e8de78 -> 
  custom:AudioImporter_EditorPlatform: d09bf68614088b80899f8185d706f6e7 -> 
  custom:video-encoder-webm-vp8: eb34c28f22e8b96e1ab97ce403110664 -> 
  custom:audio-decoder-ogg-vorbis: bf7c407c2cedff20999df2af8eb42d56 -> 
  custom:audio-encoder-webm-vorbis: bf7c407c2cedff20999df2af8eb42d56 -> 
========================================================================
Received Import Request.
  Time since last request: 399.342637 seconds.
  path: Assets/Tempo/MermaidLogo.png
  artifactKey: Guid(427f61a2ffeb6674e8a1dfd5f7af2ba2) Importer(815301076,1909f56bfc062723c751e8b465ee728b)
Start importing Assets/Tempo/MermaidLogo.png using Guid(427f61a2ffeb6674e8a1dfd5f7af2ba2) Importer(815301076,1909f56bfc062723c751e8b465ee728b)  -> (artifact id: 'aa7147989d5f2f50c25ce07851325a72') in 0.020988 seconds
Number of updated asset objects reloaded before import = 0
Number of asset objects unloaded after import = 2
========================================================================
Received Prepare
Refreshing native plugins compatible for Editor in 11.64 ms, found 6 plugins.
Preloading 0 native plugins for Editor in 0.00 ms.
Unloading 2 Unused Serialized files (Serialized files now loaded: 0)
Unloading 2 unused Assets / (5.5 KB). Loaded Objects now: 4835.
Memory consumption went from 100.7 MB to 100.7 MB.
Total: 2.862200 ms (FindLiveObjects: 0.265500 ms CreateObjectMapping: 0.127500 ms MarkObjects: 2.450000 ms  DeleteObjects: 0.018500 ms)

Prepare: number of updated asset objects reloaded= 0
AssetImportParameters requested are different than current active one (requested -> active):
  custom:container-demuxer-ogg: 62fdf1f143b41e24485cea50d1cbac27 -> 
  custom:video-decoder-ogg-theora: a1e56fd34408186e4bbccfd4996cb3dc -> 
  custom:framework-win-MediaFoundation: 216162199b28c13a410421893ffa2e32 -> 
  custom:container-demuxer-webm: 4f35f7cbe854078d1ac9338744f61a02 -> 
  custom:container-muxer-webm: aa71ff27fc2769a1b78a27578f13a17b -> 
  custom:video-decoder-webm-vp8: 9c59270c3fd7afecdb556c50c9e8de78 -> 
  custom:AudioImporter_EditorPlatform: d09bf68614088b80899f8185d706f6e7 -> 
  custom:video-encoder-webm-vp8: eb34c28f22e8b96e1ab97ce403110664 -> 
  custom:audio-decoder-ogg-vorbis: bf7c407c2cedff20999df2af8eb42d56 -> 
  custom:audio-encoder-webm-vorbis: bf7c407c2cedff20999df2af8eb42d56 -> 
========================================================================
Received Import Request.
  Time since last request: 401.760264 seconds.
  path: Assets/Tempo/5.png
  artifactKey: Guid(3e0b05e534f71e845aa3c4101dde700b) Importer(815301076,1909f56bfc062723c751e8b465ee728b)
Start importing Assets/Tempo/5.png using Guid(3e0b05e534f71e845aa3c4101dde700b) Importer(815301076,1909f56bfc062723c751e8b465ee728b)  -> (artifact id: '9d5bef73c02db0f820a0adcb214ed5f9') in 0.008091 seconds
Number of updated asset objects reloaded before import = 0
Number of asset objects unloaded after import = 2
========================================================================
Received Import Request.
  Time since last request: 0.000020 seconds.
  path: Assets/Tempo/19.png
  artifactKey: Guid(0aa525764b3d4284888d77bb257fd25f) Importer(815301076,1909f56bfc062723c751e8b465ee728b)
Start importing Assets/Tempo/19.png using Guid(0aa525764b3d4284888d77bb257fd25f) Importer(815301076,1909f56bfc062723c751e8b465ee728b)  -> (artifact id: '13aea5b32222ab10cddd9046afbac5b2') in 0.001864 seconds
Number of updated asset objects reloaded before import = 0
Number of asset objects unloaded after import = 2
========================================================================
Received Import Request.
  Time since last request: 0.000012 seconds.
  path: Assets/Tempo/BottomBar.prefab
  artifactKey: Guid(702fb019d87b256429bcd0475fbde6b5) Importer(815301076,1909f56bfc062723c751e8b465ee728b)
Start importing Assets/Tempo/BottomBar.prefab using Guid(702fb019d87b256429bcd0475fbde6b5) Importer(815301076,1909f56bfc062723c751e8b465ee728b)  -> (artifact id: 'f5639e23b581a1a86c201f7e3588ee15') in 0.006750 seconds
Number of updated asset objects reloaded before import = 0
Number of asset objects unloaded after import = 35
========================================================================
Received Import Request.
  Time since last request: 0.000026 seconds.
  path: Assets/Tempo/star.png
  artifactKey: Guid(ca5857b31ecfb444cb4c0644e65fc036) Importer(815301076,1909f56bfc062723c751e8b465ee728b)
Start importing Assets/Tempo/star.png using Guid(ca5857b31ecfb444cb4c0644e65fc036) Importer(815301076,1909f56bfc062723c751e8b465ee728b)  -> (artifact id: '654baae814668c82b8058d9379b2f7f1') in 0.001602 seconds
Number of updated asset objects reloaded before import = 0
Number of asset objects unloaded after import = 2
========================================================================
Received Import Request.
  Time since last request: 0.000013 seconds.
  path: Assets/Tempo/Puzzle Master UI Asset 1.png
  artifactKey: Guid(802c1499b3a84a04bbad34e5d9f6a54d) Importer(815301076,1909f56bfc062723c751e8b465ee728b)
Start importing Assets/Tempo/Puzzle Master UI Asset 1.png using Guid(802c1499b3a84a04bbad34e5d9f6a54d) Importer(815301076,1909f56bfc062723c751e8b465ee728b)  -> (artifact id: '6fde39a15b0ba8c26a7fb38b215556d5') in 0.017041 seconds
Number of updated asset objects reloaded before import = 0
Number of asset objects unloaded after import = 7
========================================================================
Received Import Request.
  Time since last request: 0.000013 seconds.
  path: Assets/Tempo/AA GAME Shapes Animation Sprite.png
  artifactKey: Guid(30ab294d3bccb0149aa11913e03e9ef6) Importer(815301076,1909f56bfc062723c751e8b465ee728b)
Start importing Assets/Tempo/AA GAME Shapes Animation Sprite.png using Guid(30ab294d3bccb0149aa11913e03e9ef6) Importer(815301076,1909f56bfc062723c751e8b465ee728b)  -> (artifact id: '47dc037405fa06c73832f958ccadad51') in 0.016972 seconds
Number of updated asset objects reloaded before import = 0
Number of asset objects unloaded after import = 5
========================================================================
Received Import Request.
  Time since last request: 0.000015 seconds.
  path: Assets/Tempo/30.png
  artifactKey: Guid(741a56b0b25da324aa871196e3f6b38b) Importer(815301076,1909f56bfc062723c751e8b465ee728b)
Start importing Assets/Tempo/30.png using Guid(741a56b0b25da324aa871196e3f6b38b) Importer(815301076,1909f56bfc062723c751e8b465ee728b)  -> (artifact id: '92ea0387bcf7edb081ba940b7edd8e76') in 0.001574 seconds
Number of updated asset objects reloaded before import = 0
Number of asset objects unloaded after import = 2
========================================================================
Received Import Request.
  Time since last request: 0.000026 seconds.
  path: Assets/Tempo/AdIcon.png
  artifactKey: Guid(235bfe6bc50f60740bc35a1c457c78b5) Importer(815301076,1909f56bfc062723c751e8b465ee728b)
Start importing Assets/Tempo/AdIcon.png using Guid(235bfe6bc50f60740bc35a1c457c78b5) Importer(815301076,1909f56bfc062723c751e8b465ee728b)  -> (artifact id: '15d0e00f7e6e562513ea8c3359aabd42') in 0.001325 seconds
Number of updated asset objects reloaded before import = 0
Number of asset objects unloaded after import = 2
========================================================================
Received Import Request.
  Time since last request: 0.000010 seconds.
  path: Assets/Tempo/PuzzleMasterAds.prefab
  artifactKey: Guid(5513fdf1d9c382f4e8265560c80dca71) Importer(815301076,1909f56bfc062723c751e8b465ee728b)
Start importing Assets/Tempo/PuzzleMasterAds.prefab using Guid(5513fdf1d9c382f4e8265560c80dca71) Importer(815301076,1909f56bfc062723c751e8b465ee728b)  -> (artifact id: 'd6fc7d13b5c40564de7e2285258f9426') in 0.007291 seconds
Number of updated asset objects reloaded before import = 0
Number of asset objects unloaded after import = 38
========================================================================
Received Import Request.
  Time since last request: 0.000010 seconds.
  path: Assets/Tempo/29.png
  artifactKey: Guid(6ecb71a9ae6a506489510e60b3f7196a) Importer(815301076,1909f56bfc062723c751e8b465ee728b)
Start importing Assets/Tempo/29.png using Guid(6ecb71a9ae6a506489510e60b3f7196a) Importer(815301076,1909f56bfc062723c751e8b465ee728b)  -> (artifact id: '27f9ed56a1ca0d157c20f5c69cf1beef') in 0.001479 seconds
Number of updated asset objects reloaded before import = 0
Number of asset objects unloaded after import = 2
========================================================================
Received Import Request.
  Time since last request: 0.000011 seconds.
  path: Assets/Tempo/Character.prefab
  artifactKey: Guid(a43aea7625512dd4fa7bb1c28f9c5596) Importer(815301076,1909f56bfc062723c751e8b465ee728b)
Start importing Assets/Tempo/Character.prefab using Guid(a43aea7625512dd4fa7bb1c28f9c5596) Importer(815301076,1909f56bfc062723c751e8b465ee728b)  -> (artifact id: 'dfa98b3ab37f829fda263c90170183a6') in 0.001089 seconds
Number of updated asset objects reloaded before import = 0
Number of asset objects unloaded after import = 5
========================================================================
Received Import Request.
  Time since last request: 0.000009 seconds.
  path: Assets/Tempo/26.png
  artifactKey: Guid(168271ab8e0bea44ba1026a175e65fdc) Importer(815301076,1909f56bfc062723c751e8b465ee728b)
Start importing Assets/Tempo/26.png using Guid(168271ab8e0bea44ba1026a175e65fdc) Importer(815301076,1909f56bfc062723c751e8b465ee728b)  -> (artifact id: '8c7f6cf234febdfe29694405f5721f15') in 0.002076 seconds
Number of updated asset objects reloaded before import = 0
Number of asset objects unloaded after import = 2
========================================================================
Received Import Request.
  Time since last request: 0.000019 seconds.
  path: Assets/Tempo/17.png
  artifactKey: Guid(51570d2d1836a6a4d9377a8d079d6fa5) Importer(815301076,1909f56bfc062723c751e8b465ee728b)
Start importing Assets/Tempo/17.png using Guid(51570d2d1836a6a4d9377a8d079d6fa5) Importer(815301076,1909f56bfc062723c751e8b465ee728b)  -> (artifact id: '0b8c044843d1ed024e2ee915ce9d5d1f') in 0.001593 seconds
Number of updated asset objects reloaded before import = 0
Number of asset objects unloaded after import = 2
========================================================================
Received Import Request.
  Time since last request: 0.000010 seconds.
  path: Assets/Tempo/27.png
  artifactKey: Guid(bc7b5e845f2cc4740b1e8946fcc335cf) Importer(815301076,1909f56bfc062723c751e8b465ee728b)
Start importing Assets/Tempo/27.png using Guid(bc7b5e845f2cc4740b1e8946fcc335cf) Importer(815301076,1909f56bfc062723c751e8b465ee728b)  -> (artifact id: '448e6df8252c976ab47791983e6a30ef') in 0.001829 seconds
Number of updated asset objects reloaded before import = 0
Number of asset objects unloaded after import = 2
========================================================================
Received Import Request.
  Time since last request: 0.000013 seconds.
  path: Assets/Tempo/18.png
  artifactKey: Guid(8526a1759dae56e4ba3f6569b586a8f4) Importer(815301076,1909f56bfc062723c751e8b465ee728b)
Start importing Assets/Tempo/18.png using Guid(8526a1759dae56e4ba3f6569b586a8f4) Importer(815301076,1909f56bfc062723c751e8b465ee728b)  -> (artifact id: 'b38be5014bb2add3d96f8d8ab69b3f0d') in 0.001405 seconds
Number of updated asset objects reloaded before import = 0
Number of asset objects unloaded after import = 2
========================================================================
Received Import Request.
  Time since last request: 0.000009 seconds.
  path: Assets/Tempo/20.png
  artifactKey: Guid(85fd03414bd6d4b4ca682ab719f518c2) Importer(815301076,1909f56bfc062723c751e8b465ee728b)
Start importing Assets/Tempo/20.png using Guid(85fd03414bd6d4b4ca682ab719f518c2) Importer(815301076,1909f56bfc062723c751e8b465ee728b)  -> (artifact id: '7b3c047e73e336541a87f4b736c150f3') in 0.008645 seconds
Number of updated asset objects reloaded before import = 0
Number of asset objects unloaded after import = 2
========================================================================
Received Import Request.
  Time since last request: 0.000017 seconds.
  path: Assets/Tempo/Play Cyan blue.png
  artifactKey: Guid(aecacb91df5ffb141b56f65a69254a70) Importer(815301076,1909f56bfc062723c751e8b465ee728b)
Start importing Assets/Tempo/Play Cyan blue.png using Guid(aecacb91df5ffb141b56f65a69254a70) Importer(815301076,1909f56bfc062723c751e8b465ee728b)  -> (artifact id: '4417ef20330c525b5ffb400617923159') in 0.002756 seconds
Number of updated asset objects reloaded before import = 0
Number of asset objects unloaded after import = 2
========================================================================
Received Import Request.
  Time since last request: 0.000011 seconds.
  path: Assets/Tempo/Anton-Regular.ttf
  artifactKey: Guid(fc647c52a146fc24b954e0f669fe49ed) Importer(815301076,1909f56bfc062723c751e8b465ee728b)
Start importing Assets/Tempo/Anton-Regular.ttf using Guid(fc647c52a146fc24b954e0f669fe49ed) Importer(815301076,1909f56bfc062723c751e8b465ee728b)  -> (artifact id: '841f847208fb1db393ebdd9aaadfaae5') in 0.004520 seconds
Number of updated asset objects reloaded before import = 0
Number of asset objects unloaded after import = 3
========================================================================
Received Import Request.
  Time since last request: 0.000011 seconds.
  path: Assets/Tempo/RatePanel.prefab
  artifactKey: Guid(9b9a66bffa76a394a99416bb0fe2caa4) Importer(815301076,1909f56bfc062723c751e8b465ee728b)
Start importing Assets/Tempo/RatePanel.prefab using Guid(9b9a66bffa76a394a99416bb0fe2caa4) Importer(815301076,1909f56bfc062723c751e8b465ee728b)  -> (artifact id: 'c35aa36518fc4c5becd9a70d7e57e467') in 0.006979 seconds
Number of updated asset objects reloaded before import = 0
Number of asset objects unloaded after import = 81
========================================================================
Received Prepare
Begin MonoManager ReloadAssembly
- Loaded All Assemblies, in  0.769 seconds
Refreshing native plugins compatible for Editor in 16.21 ms, found 6 plugins.
Native extension for WindowsStandalone target not found
Native extension for Android target not found
Native extension for WebGL target not found
Mono: successfully reloaded assembly
- Finished resetting the current domain, in  1.280 seconds
Domain Reload Profiling: 2038ms
	BeginReloadAssembly (158ms)
		ExecutionOrderSort (0ms)
		DisableScriptedObjects (9ms)
		BackupInstance (0ms)
		ReleaseScriptingObjects (0ms)
		CreateAndSetChildDomain (56ms)
	RebuildCommonClasses (26ms)
	RebuildNativeTypeToScriptingClass (11ms)
	initialDomainReloadingComplete (41ms)
	LoadAllAssembliesAndSetupDomain (522ms)
		LoadAssemblies (333ms)
		RebuildTransferFunctionScriptingTraits (0ms)
		AnalyzeDomain (226ms)
			TypeCache.Refresh (214ms)
				TypeCache.ScanAssembly (199ms)
			ScanForSourceGeneratedMonoScriptInfo (5ms)
			ResolveRequiredComponents (7ms)
	FinalizeReload (1280ms)
		ReleaseScriptCaches (0ms)
		RebuildScriptCaches (0ms)
		SetupLoadedEditorAssemblies (521ms)
			LogAssemblyErrors (0ms)
			InitializePlatformSupportModulesInManaged (21ms)
			SetLoadedEditorAssemblies (2ms)
			RefreshPlugins (0ms)
			BeforeProcessingInitializeOnLoad (60ms)
			ProcessInitializeOnLoadAttributes (368ms)
			ProcessInitializeOnLoadMethodAttributes (57ms)
			AfterProcessingInitializeOnLoad (13ms)
			EditorAssembliesLoaded (0ms)
		ExecutionOrderSort2 (0ms)
		AwakeInstancesAfterBackupRestoration (11ms)
Refreshing native plugins compatible for Editor in 12.47 ms, found 6 plugins.
Preloading 0 native plugins for Editor in 0.00 ms.
Unloading 4202 Unused Serialized files (Serialized files now loaded: 0)
Unloading 66 unused Assets / (44.2 KB). Loaded Objects now: 4841.
Memory consumption went from 165.7 MB to 165.7 MB.
Total: 3.377500 ms (FindLiveObjects: 0.355300 ms CreateObjectMapping: 0.177500 ms MarkObjects: 2.771600 ms  DeleteObjects: 0.072100 ms)

Prepare: number of updated asset objects reloaded= 0
AssetImportParameters requested are different than current active one (requested -> active):
  custom:container-demuxer-ogg: 62fdf1f143b41e24485cea50d1cbac27 -> 
  custom:video-decoder-ogg-theora: a1e56fd34408186e4bbccfd4996cb3dc -> 
  custom:framework-win-MediaFoundation: 216162199b28c13a410421893ffa2e32 -> 
  custom:container-demuxer-webm: 4f35f7cbe854078d1ac9338744f61a02 -> 
  custom:container-muxer-webm: aa71ff27fc2769a1b78a27578f13a17b -> 
  custom:video-decoder-webm-vp8: 9c59270c3fd7afecdb556c50c9e8de78 -> 
  custom:AudioImporter_EditorPlatform: d09bf68614088b80899f8185d706f6e7 -> 
  custom:video-encoder-webm-vp8: eb34c28f22e8b96e1ab97ce403110664 -> 
  custom:audio-decoder-ogg-vorbis: bf7c407c2cedff20999df2af8eb42d56 -> 
  custom:audio-encoder-webm-vorbis: bf7c407c2cedff20999df2af8eb42d56 -> 
========================================================================
Received Prepare
Begin MonoManager ReloadAssembly
- Loaded All Assemblies, in  0.725 seconds
Refreshing native plugins compatible for Editor in 14.34 ms, found 6 plugins.
Native extension for WindowsStandalone target not found
Native extension for Android target not found
Native extension for WebGL target not found
Mono: successfully reloaded assembly
- Finished resetting the current domain, in  1.467 seconds
Domain Reload Profiling: 2182ms
	BeginReloadAssembly (154ms)
		ExecutionOrderSort (0ms)
		DisableScriptedObjects (9ms)
		BackupInstance (0ms)
		ReleaseScriptingObjects (0ms)
		CreateAndSetChildDomain (50ms)
	RebuildCommonClasses (25ms)
	RebuildNativeTypeToScriptingClass (9ms)
	initialDomainReloadingComplete (41ms)
	LoadAllAssembliesAndSetupDomain (485ms)
		LoadAssemblies (310ms)
		RebuildTransferFunctionScriptingTraits (0ms)
		AnalyzeDomain (215ms)
			TypeCache.Refresh (208ms)
				TypeCache.ScanAssembly (197ms)
			ScanForSourceGeneratedMonoScriptInfo (0ms)
			ResolveRequiredComponents (7ms)
	FinalizeReload (1468ms)
		ReleaseScriptCaches (0ms)
		RebuildScriptCaches (0ms)
		SetupLoadedEditorAssemblies (647ms)
			LogAssemblyErrors (0ms)
			InitializePlatformSupportModulesInManaged (22ms)
			SetLoadedEditorAssemblies (3ms)
			RefreshPlugins (0ms)
			BeforeProcessingInitializeOnLoad (59ms)
			ProcessInitializeOnLoadAttributes (471ms)
			ProcessInitializeOnLoadMethodAttributes (77ms)
			AfterProcessingInitializeOnLoad (15ms)
			EditorAssembliesLoaded (0ms)
		ExecutionOrderSort2 (0ms)
		AwakeInstancesAfterBackupRestoration (16ms)
Refreshing native plugins compatible for Editor in 11.86 ms, found 6 plugins.
Preloading 0 native plugins for Editor in 0.00 ms.
Unloading 4202 Unused Serialized files (Serialized files now loaded: 0)
Unloading 65 unused Assets / (43.3 KB). Loaded Objects now: 4846.
Memory consumption went from 165.7 MB to 165.7 MB.
Total: 3.142400 ms (FindLiveObjects: 0.273200 ms CreateObjectMapping: 0.132300 ms MarkObjects: 2.666400 ms  DeleteObjects: 0.069900 ms)

Prepare: number of updated asset objects reloaded= 0
AssetImportParameters requested are different than current active one (requested -> active):
  custom:container-demuxer-ogg: 62fdf1f143b41e24485cea50d1cbac27 -> 
  custom:video-decoder-ogg-theora: a1e56fd34408186e4bbccfd4996cb3dc -> 
  custom:framework-win-MediaFoundation: 216162199b28c13a410421893ffa2e32 -> 
  custom:container-demuxer-webm: 4f35f7cbe854078d1ac9338744f61a02 -> 
  custom:container-muxer-webm: aa71ff27fc2769a1b78a27578f13a17b -> 
  custom:video-decoder-webm-vp8: 9c59270c3fd7afecdb556c50c9e8de78 -> 
  custom:AudioImporter_EditorPlatform: d09bf68614088b80899f8185d706f6e7 -> 
  custom:video-encoder-webm-vp8: eb34c28f22e8b96e1ab97ce403110664 -> 
  custom:audio-decoder-ogg-vorbis: bf7c407c2cedff20999df2af8eb42d56 -> 
  custom:audio-encoder-webm-vorbis: bf7c407c2cedff20999df2af8eb42d56 -> 
Editor requested this worker to shutdown with reason: Scaling down because of idle timeout
TcpMessagingSession - receive error: operation aborted. errorcode: 995, details: The I/O operation has been aborted because of either a thread exit or an application request.
AssetImportWorker is now disconnected from the server
Process exiting
Exiting without the bug reporter. Application will terminate with return code 0